{
  "userId": "da39566f-a10c-4168-91dd-9b119723b3c7",
  "tenantId": "73a505c3-23eb-4166-b019-8c9bc154a284",
  "effectiveTenantId": "73a505c3-23eb-4166-b019-8c9bc154a284",
  "batchId": "2099f7c4-9f66-4287-8621-f6dc8905fe82",
  "studentId": "8df200de-cce8-4e5a-9347-b2283a8bf7eb",
  "topicsResolved": 4,
  "topicSample": [
    {
      "id": "4a47a69e-76b4-4d6e-98a4-5a1efa0ee55c",
      "name": "Photosynthesis"
    },
    {
      "id": "a211af56-9fab-471f-80fb-dfd438a840ad",
      "name": "Central Nervous System"
    },
    {
      "id": "41dda54d-7a5f-4f26-8d25-c4fc777abb1d",
      "name": "Excretion"
    }
  ],
  "planId": "acfd1c68-378e-474e-aaa5-bfd22fe64994",
  "allPlanItems": 15,
  "completedPracticeItems": 0,
  "completedPracticeRefIds": [],
  "completedAiSessions": 1,
  "aiSessionTopicIds": [
    "a2132d93-8017-40fb-81e7-f06b25dc1769"
  ]
}