
> apexiq-backend@1.0.0 start:dev
> npx kill-port 3000 && npx ts-node -r tsconfig-paths/register src/main.ts

Process on port 3000 killed
[MindmapService] GROQ_API_KEY: gsk_r2FSn3XY
[32m[Nest] 35508  - [39m05/06/2026, 6:23:19 pm [32m    LOG[39m [38;5;3m[NestFactory] [39m[32mStarting Nest application...[39m
[32m[Nest] 35508  - [39m05/06/2026, 6:23:19 pm [32m    LOG[39m [38;5;3m[MindmapService] [39m[32mGROQ_API_KEY exists: true[39m
[32m[Nest] 35508  - [39m05/06/2026, 6:23:19 pm [32m    LOG[39m [38;5;3m[MindmapService] [39m[32mGROQ_API_KEY (first 8 chars): gsk_r2FS...[39m
[32m[Nest] 35508  - [39m05/06/2026, 6:23:19 pm [32m    LOG[39m [38;5;3m[InstanceLoader] [39m[32mTypeOrmModule dependencies initialized[39m[38;5;3m +1ms[39m
[32m[Nest] 35508  - [39m05/06/2026, 6:23:19 pm [32m    LOG[39m [38;5;3m[InstanceLoader] [39m[32mTypeOrmModule dependencies initialized[39m[38;5;3m +0ms[39m
[32m[Nest] 35508  - [39m05/06/2026, 6:23:19 pm [32m    LOG[39m [38;5;3m[InstanceLoader] [39m[32mPassportModule dependencies initialized[39m[38;5;3m +0ms[39m
[32m[Nest] 35508  - [39m05/06/2026, 6:23:19 pm [32m    LOG[39m [38;5;3m[InstanceLoader] [39m[32mMulterModule dependencies initialized[39m[38;5;3m +0ms[39m
[32m[Nest] 35508  - [39m05/06/2026, 6:23:19 pm [32m    LOG[39m [38;5;3m[InstanceLoader] [39m[32mConfigHostModule dependencies initialized[39m[38;5;3m +1ms[39m
[32m[Nest] 35508  - [39m05/06/2026, 6:23:19 pm [32m    LOG[39m [38;5;3m[InstanceLoader] [39m[32mDiscoveryModule dependencies initialized[39m[38;5;3m +0ms[39m
[32m[Nest] 35508  - [39m05/06/2026, 6:23:19 pm [32m    LOG[39m [38;5;3m[InstanceLoader] [39m[32mConfigModule dependencies initialized[39m[38;5;3m +0ms[39m
[32m[Nest] 35508  - [39m05/06/2026, 6:23:19 pm [32m    LOG[39m [38;5;3m[InstanceLoader] [39m[32mConfigModule dependencies initialized[39m[38;5;3m +0ms[39m
[32m[Nest] 35508  - [39m05/06/2026, 6:23:19 pm [32m    LOG[39m [38;5;3m[InstanceLoader] [39m[32mBullModule dependencies initialized[39m[38;5;3m +1ms[39m
[32m[Nest] 35508  - [39m05/06/2026, 6:23:19 pm [32m    LOG[39m [38;5;3m[InstanceLoader] [39m[32mScheduleModule dependencies initialized[39m[38;5;3m +0ms[39m
[32m[Nest] 35508  - [39m05/06/2026, 6:23:19 pm [32m    LOG[39m [38;5;3m[InstanceLoader] [39m[32mBullModule dependencies initialized[39m[38;5;3m +17ms[39m
[32m[Nest] 35508  - [39m05/06/2026, 6:23:19 pm [32m    LOG[39m [38;5;3m[InstanceLoader] [39m[32mStorageModule dependencies initialized[39m[38;5;3m +1ms[39m
[32m[Nest] 35508  - [39m05/06/2026, 6:23:19 pm [32m    LOG[39m [38;5;3m[InstanceLoader] [39m[32mMailModule dependencies initialized[39m[38;5;3m +0ms[39m
[32m[Nest] 35508  - [39m05/06/2026, 6:23:19 pm [32m    LOG[39m [38;5;3m[InstanceLoader] [39m[32mThrottlerModule dependencies initialized[39m[38;5;3m +0ms[39m
[32m[Nest] 35508  - [39m05/06/2026, 6:23:19 pm [32m    LOG[39m [38;5;3m[InstanceLoader] [39m[32mJwtModule dependencies initialized[39m[38;5;3m +0ms[39m
[32m[Nest] 35508  - [39m05/06/2026, 6:23:19 pm [32m    LOG[39m [38;5;3m[InstanceLoader] [39m[32mJwtModule dependencies initialized[39m[38;5;3m +0ms[39m
[32m[Nest] 35508  - [39m05/06/2026, 6:23:19 pm [32m    LOG[39m [38;5;3m[InstanceLoader] [39m[32mHttpModule dependencies initialized[39m[38;5;3m +1ms[39m
[32m[Nest] 35508  - [39m05/06/2026, 6:23:19 pm [32m    LOG[39m [38;5;3m[InstanceLoader] [39m[32mCacheModule dependencies initialized[39m[38;5;3m +0ms[39m
[32m[Nest] 35508  - [39m05/06/2026, 6:23:19 pm [32m    LOG[39m [38;5;3m[InstanceLoader] [39m[32mAppModule dependencies initialized[39m[38;5;3m +2ms[39m
[32m[Nest] 35508  - [39m05/06/2026, 6:23:19 pm [32m    LOG[39m [38;5;3m[InstanceLoader] [39m[32mBullModule dependencies initialized[39m[38;5;3m +0ms[39m
[32m[Nest] 35508  - [39m05/06/2026, 6:23:19 pm [32m    LOG[39m [38;5;3m[InstanceLoader] [39m[32mUploadModule dependencies initialized[39m[38;5;3m +0ms[39m
[32m[Nest] 35508  - [39m05/06/2026, 6:23:19 pm [32m    LOG[39m [38;5;3m[InstanceLoader] [39m[32mAIModule dependencies initialized[39m[38;5;3m +1ms[39m
[31m[Nest] 35508  - [39m05/06/2026, 6:23:20 pm [31m  ERROR[39m [38;5;3m[TypeOrmModule] [39m[31mUnable to connect to the database (school). Retrying (1)...[39m
error: (EMAXCONNSESSION) max clients reached in session mode - max clients are limited to pool_size: 15
    at parseErrorMessage (C:\Users\HP\Desktop\apexiq-backend\apexiq\node_modules\pg-protocol\src\parser.ts:394:9)
    at Parser.handlePacket (C:\Users\HP\Desktop\apexiq-backend\apexiq\node_modules\pg-protocol\src\parser.ts:212:19)
    at Parser.parse (C:\Users\HP\Desktop\apexiq-backend\apexiq\node_modules\pg-protocol\src\parser.ts:105:30)
    at TLSSocket.<anonymous> (C:\Users\HP\Desktop\apexiq-backend\apexiq\node_modules\pg-protocol\src\index.ts:7:48)
    at TLSSocket.emit (node:events:508:28)
    at TLSSocket.emit (node:domain:489:12)
    at addChunk (node:internal/streams/readable:563:12)
    at readableAddChunkPushByteMode (node:internal/streams/readable:514:3)
    at TLSSocket.Readable.push (node:internal/streams/readable:394:5)
    at TLSWrap.onStreamRead (node:internal/stream_base_commons:189:23)
query: SELECT version()
query: SELECT * FROM current_schema()
query: CREATE EXTENSION IF NOT EXISTS "uuid-ossp"
[32m[Nest] 35508  - [39m05/06/2026, 6:23:44 pm [32m    LOG[39m [38;5;3m[InstanceLoader] [39m[32mTypeOrmCoreModule dependencies initialized[39m[38;5;3m +24307ms[39m
[32m[Nest] 35508  - [39m05/06/2026, 6:23:44 pm [32m    LOG[39m [38;5;3m[InstanceLoader] [39m[32mTypeOrmModule dependencies initialized[39m[38;5;3m +0ms[39m
[32m[Nest] 35508  - [39m05/06/2026, 6:23:44 pm [32m    LOG[39m [38;5;3m[InstanceLoader] [39m[32mTypeOrmModule dependencies initialized[39m[38;5;3m +0ms[39m
[32m[Nest] 35508  - [39m05/06/2026, 6:23:44 pm [32m    LOG[39m [38;5;3m[InstanceLoader] [39m[32mTypeOrmModule dependencies initialized[39m[38;5;3m +0ms[39m
[32m[Nest] 35508  - [39m05/06/2026, 6:23:44 pm [32m    LOG[39m [38;5;3m[InstanceLoader] [39m[32mTypeOrmModule dependencies initialized[39m[38;5;3m +0ms[39m
[32m[Nest] 35508  - [39m05/06/2026, 6:23:44 pm [32m    LOG[39m [38;5;3m[InstanceLoader] [39m[32mTypeOrmModule dependencies initialized[39m[38;5;3m +0ms[39m
[32m[Nest] 35508  - [39m05/06/2026, 6:23:44 pm [32m    LOG[39m [38;5;3m[InstanceLoader] [39m[32mTypeOrmModule dependencies initialized[39m[38;5;3m +0ms[39m
[32m[Nest] 35508  - [39m05/06/2026, 6:23:44 pm [32m    LOG[39m [38;5;3m[InstanceLoader] [39m[32mTypeOrmModule dependencies initialized[39m[38;5;3m +0ms[39m
[32m[Nest] 35508  - [39m05/06/2026, 6:23:44 pm [32m    LOG[39m [38;5;3m[InstanceLoader] [39m[32mTypeOrmModule dependencies initialized[39m[38;5;3m +0ms[39m
[32m[Nest] 35508  - [39m05/06/2026, 6:23:44 pm [32m    LOG[39m [38;5;3m[InstanceLoader] [39m[32mTypeOrmModule dependencies initialized[39m[38;5;3m +0ms[39m
[32m[Nest] 35508  - [39m05/06/2026, 6:23:44 pm [32m    LOG[39m [38;5;3m[InstanceLoader] [39m[32mTypeOrmModule dependencies initialized[39m[38;5;3m +0ms[39m
[32m[Nest] 35508  - [39m05/06/2026, 6:23:44 pm [32m    LOG[39m [38;5;3m[InstanceLoader] [39m[32mTypeOrmModule dependencies initialized[39m[38;5;3m +0ms[39m
[32m[Nest] 35508  - [39m05/06/2026, 6:23:44 pm [32m    LOG[39m [38;5;3m[InstanceLoader] [39m[32mTypeOrmModule dependencies initialized[39m[38;5;3m +0ms[39m
[32m[Nest] 35508  - [39m05/06/2026, 6:23:44 pm [32m    LOG[39m [38;5;3m[InstanceLoader] [39m[32mTypeOrmModule dependencies initialized[39m[38;5;3m +0ms[39m
[32m[Nest] 35508  - [39m05/06/2026, 6:23:44 pm [32m    LOG[39m [38;5;3m[InstanceLoader] [39m[32mTypeOrmModule dependencies initialized[39m[38;5;3m +0ms[39m
[32m[Nest] 35508  - [39m05/06/2026, 6:23:44 pm [32m    LOG[39m [38;5;3m[InstanceLoader] [39m[32mTypeOrmModule dependencies initialized[39m[38;5;3m +0ms[39m
[32m[Nest] 35508  - [39m05/06/2026, 6:23:44 pm [32m    LOG[39m [38;5;3m[InstanceLoader] [39m[32mTypeOrmModule dependencies initialized[39m[38;5;3m +1ms[39m
[32m[Nest] 35508  - [39m05/06/2026, 6:23:44 pm [32m    LOG[39m [38;5;3m[InstanceLoader] [39m[32mTypeOrmModule dependencies initialized[39m[38;5;3m +0ms[39m
[32m[Nest] 35508  - [39m05/06/2026, 6:23:44 pm [32m    LOG[39m [38;5;3m[InstanceLoader] [39m[32mTypeOrmModule dependencies initialized[39m[38;5;3m +0ms[39m
[32m[Nest] 35508  - [39m05/06/2026, 6:23:44 pm [32m    LOG[39m [38;5;3m[BattleService] [39m[32mBattle Arena Topic Cache Cleared[39m
[32m[Nest] 35508  - [39m05/06/2026, 6:23:44 pm [32m    LOG[39m [38;5;3m[InstanceLoader] [39m[32mOtpModule dependencies initialized[39m[38;5;3m +3ms[39m
[32m[Nest] 35508  - [39m05/06/2026, 6:23:44 pm [32m    LOG[39m [38;5;3m[InstanceLoader] [39m[32mStudentModule dependencies initialized[39m[38;5;3m +2ms[39m
[32m[Nest] 35508  - [39m05/06/2026, 6:23:44 pm [32m    LOG[39m [38;5;3m[InstanceLoader] [39m[32mPresenceModule dependencies initialized[39m[38;5;3m +0ms[39m
[32m[Nest] 35508  - [39m05/06/2026, 6:23:44 pm [32m    LOG[39m [38;5;3m[InstanceLoader] [39m[32mAiBridgeModule dependencies initialized[39m[38;5;3m +0ms[39m
[32m[Nest] 35508  - [39m05/06/2026, 6:23:44 pm [32m    LOG[39m [38;5;3m[InstanceLoader] [39m[32mStudyMaterialModule dependencies initialized[39m[38;5;3m +0ms[39m
[32m[Nest] 35508  - [39m05/06/2026, 6:23:44 pm [32m    LOG[39m [38;5;3m[InstanceLoader] [39m[32mPYQModule dependencies initialized[39m[38;5;3m +0ms[39m
[32m[Nest] 35508  - [39m05/06/2026, 6:23:44 pm [32m    LOG[39m [38;5;3m[InstanceLoader] [39m[32mNotificationModule dependencies initialized[39m[38;5;3m +0ms[39m
[32m[Nest] 35508  - [39m05/06/2026, 6:23:44 pm [32m    LOG[39m [38;5;3m[InstanceLoader] [39m[32mAnalyticsModule dependencies initialized[39m[38;5;3m +0ms[39m
[32m[Nest] 35508  - [39m05/06/2026, 6:23:44 pm [32m    LOG[39m [38;5;3m[InstanceLoader] [39m[32mBatchModule dependencies initialized[39m[38;5;3m +0ms[39m
[32m[Nest] 35508  - [39m05/06/2026, 6:23:44 pm [32m    LOG[39m [38;5;3m[InstanceLoader] [39m[32mStudyPlanModule dependencies initialized[39m[38;5;3m +0ms[39m
[32m[Nest] 35508  - [39m05/06/2026, 6:23:44 pm [32m    LOG[39m [38;5;3m[InstanceLoader] [39m[32mAuthModule dependencies initialized[39m[38;5;3m +0ms[39m
[32m[Nest] 35508  - [39m05/06/2026, 6:23:44 pm [32m    LOG[39m [38;5;3m[InstanceLoader] [39m[32mBattleModule dependencies initialized[39m[38;5;3m +0ms[39m
[32m[Nest] 35508  - [39m05/06/2026, 6:23:44 pm [32m    LOG[39m [38;5;3m[InstanceLoader] [39m[32mDoubtModule dependencies initialized[39m[38;5;3m +0ms[39m
[32m[Nest] 35508  - [39m05/06/2026, 6:23:44 pm [32m    LOG[39m [38;5;3m[InstanceLoader] [39m[32mAssessmentModule dependencies initialized[39m[38;5;3m +0ms[39m
[32m[Nest] 35508  - [39m05/06/2026, 6:23:44 pm [32m    LOG[39m [38;5;3m[InstanceLoader] [39m[32mInstituteSettingsModule dependencies initialized[39m[38;5;3m +0ms[39m
[32m[Nest] 35508  - [39m05/06/2026, 6:23:44 pm [32m    LOG[39m [38;5;3m[InstanceLoader] [39m[32mContentModule dependencies initialized[39m[38;5;3m +1ms[39m
[32m[Nest] 35508  - [39m05/06/2026, 6:23:44 pm [32m    LOG[39m [38;5;3m[InstanceLoader] [39m[32mLiveClassModule dependencies initialized[39m[38;5;3m +0ms[39m
[31m[Nest] 35508  - [39m05/06/2026, 6:23:45 pm [31m  ERROR[39m [38;5;3m[TypeOrmModule] [39m[31mUnable to connect to the database (school). Retrying (2)...[39m
error: (EMAXCONNSESSION) max clients reached in session mode - max clients are limited to pool_size: 15
    at parseErrorMessage (C:\Users\HP\Desktop\apexiq-backend\apexiq\node_modules\pg-protocol\src\parser.ts:394:9)
    at Parser.handlePacket (C:\Users\HP\Desktop\apexiq-backend\apexiq\node_modules\pg-protocol\src\parser.ts:212:19)
    at Parser.parse (C:\Users\HP\Desktop\apexiq-backend\apexiq\node_modules\pg-protocol\src\parser.ts:105:30)
    at TLSSocket.<anonymous> (C:\Users\HP\Desktop\apexiq-backend\apexiq\node_modules\pg-protocol\src\index.ts:7:48)
    at TLSSocket.emit (node:events:508:28)
    at TLSSocket.emit (node:domain:489:12)
    at addChunk (node:internal/streams/readable:563:12)
    at readableAddChunkPushByteMode (node:internal/streams/readable:514:3)
    at TLSSocket.Readable.push (node:internal/streams/readable:394:5)
    at TLSWrap.onStreamRead (node:internal/stream_base_commons:189:23)
[31m[Nest] 35508  - [39m05/06/2026, 6:23:48 pm [31m  ERROR[39m [38;5;3m[TypeOrmModule] [39m[31mUnable to connect to the database (school). Retrying (3)...[39m
error: (EMAXCONNSESSION) max clients reached in session mode - max clients are limited to pool_size: 15
    at parseErrorMessage (C:\Users\HP\Desktop\apexiq-backend\apexiq\node_modules\pg-protocol\src\parser.ts:394:9)
    at Parser.handlePacket (C:\Users\HP\Desktop\apexiq-backend\apexiq\node_modules\pg-protocol\src\parser.ts:212:19)
    at Parser.parse (C:\Users\HP\Desktop\apexiq-backend\apexiq\node_modules\pg-protocol\src\parser.ts:105:30)
    at TLSSocket.<anonymous> (C:\Users\HP\Desktop\apexiq-backend\apexiq\node_modules\pg-protocol\src\index.ts:7:48)
    at TLSSocket.emit (node:events:508:28)
    at TLSSocket.emit (node:domain:489:12)
    at addChunk (node:internal/streams/readable:563:12)
    at readableAddChunkPushByteMode (node:internal/streams/readable:514:3)
    at TLSSocket.Readable.push (node:internal/streams/readable:394:5)
    at TLSWrap.onStreamRead (node:internal/stream_base_commons:189:23)
[31m[Nest] 35508  - [39m05/06/2026, 6:23:52 pm [31m  ERROR[39m [38;5;3m[TypeOrmModule] [39m[31mUnable to connect to the database (school). Retrying (4)...[39m
error: (EMAXCONNSESSION) max clients reached in session mode - max clients are limited to pool_size: 15
    at parseErrorMessage (C:\Users\HP\Desktop\apexiq-backend\apexiq\node_modules\pg-protocol\src\parser.ts:394:9)
    at Parser.handlePacket (C:\Users\HP\Desktop\apexiq-backend\apexiq\node_modules\pg-protocol\src\parser.ts:212:19)
    at Parser.parse (C:\Users\HP\Desktop\apexiq-backend\apexiq\node_modules\pg-protocol\src\parser.ts:105:30)
    at TLSSocket.<anonymous> (C:\Users\HP\Desktop\apexiq-backend\apexiq\node_modules\pg-protocol\src\index.ts:7:48)
    at TLSSocket.emit (node:events:508:28)
    at TLSSocket.emit (node:domain:489:12)
    at addChunk (node:internal/streams/readable:563:12)
    at readableAddChunkPushByteMode (node:internal/streams/readable:514:3)
    at TLSSocket.Readable.push (node:internal/streams/readable:394:5)
    at TLSWrap.onStreamRead (node:internal/stream_base_commons:189:23)
[31m[Nest] 35508  - [39m05/06/2026, 6:23:55 pm [31m  ERROR[39m [38;5;3m[TypeOrmModule] [39m[31mUnable to connect to the database (school). Retrying (5)...[39m
error: (EMAXCONNSESSION) max clients reached in session mode - max clients are limited to pool_size: 15
    at parseErrorMessage (C:\Users\HP\Desktop\apexiq-backend\apexiq\node_modules\pg-protocol\src\parser.ts:394:9)
    at Parser.handlePacket (C:\Users\HP\Desktop\apexiq-backend\apexiq\node_modules\pg-protocol\src\parser.ts:212:19)
    at Parser.parse (C:\Users\HP\Desktop\apexiq-backend\apexiq\node_modules\pg-protocol\src\parser.ts:105:30)
    at TLSSocket.<anonymous> (C:\Users\HP\Desktop\apexiq-backend\apexiq\node_modules\pg-protocol\src\index.ts:7:48)
    at TLSSocket.emit (node:events:508:28)
    at TLSSocket.emit (node:domain:489:12)
    at addChunk (node:internal/streams/readable:563:12)
    at readableAddChunkPushByteMode (node:internal/streams/readable:514:3)
    at TLSSocket.Readable.push (node:internal/streams/readable:394:5)
    at TLSWrap.onStreamRead (node:internal/stream_base_commons:189:23)
[31m[Nest] 35508  - [39m05/06/2026, 6:24:00 pm [31m  ERROR[39m [38;5;3m[TypeOrmModule] [39m[31mUnable to connect to the database (school). Retrying (6)...[39m
error: (EMAXCONNSESSION) max clients reached in session mode - max clients are limited to pool_size: 15
    at parseErrorMessage (C:\Users\HP\Desktop\apexiq-backend\apexiq\node_modules\pg-protocol\src\parser.ts:394:9)
    at Parser.handlePacket (C:\Users\HP\Desktop\apexiq-backend\apexiq\node_modules\pg-protocol\src\parser.ts:212:19)
    at Parser.parse (C:\Users\HP\Desktop\apexiq-backend\apexiq\node_modules\pg-protocol\src\parser.ts:105:30)
    at TLSSocket.<anonymous> (C:\Users\HP\Desktop\apexiq-backend\apexiq\node_modules\pg-protocol\src\index.ts:7:48)
    at TLSSocket.emit (node:events:508:28)
    at TLSSocket.emit (node:domain:489:12)
    at addChunk (node:internal/streams/readable:563:12)
    at readableAddChunkPushByteMode (node:internal/streams/readable:514:3)
    at TLSSocket.Readable.push (node:internal/streams/readable:394:5)
    at TLSWrap.onStreamRead (node:internal/stream_base_commons:189:23)
[31m[Nest] 35508  - [39m05/06/2026, 6:24:04 pm [31m  ERROR[39m [38;5;3m[TypeOrmModule] [39m[31mUnable to connect to the database (school). Retrying (7)...[39m
error: (EMAXCONNSESSION) max clients reached in session mode - max clients are limited to pool_size: 15
    at parseErrorMessage (C:\Users\HP\Desktop\apexiq-backend\apexiq\node_modules\pg-protocol\src\parser.ts:394:9)
    at Parser.handlePacket (C:\Users\HP\Desktop\apexiq-backend\apexiq\node_modules\pg-protocol\src\parser.ts:212:19)
    at Parser.parse (C:\Users\HP\Desktop\apexiq-backend\apexiq\node_modules\pg-protocol\src\parser.ts:105:30)
    at TLSSocket.<anonymous> (C:\Users\HP\Desktop\apexiq-backend\apexiq\node_modules\pg-protocol\src\index.ts:7:48)
    at TLSSocket.emit (node:events:508:28)
    at TLSSocket.emit (node:domain:489:12)
    at addChunk (node:internal/streams/readable:563:12)
    at readableAddChunkPushByteMode (node:internal/streams/readable:514:3)
    at TLSSocket.Readable.push (node:internal/streams/readable:394:5)
    at TLSWrap.onStreamRead (node:internal/stream_base_commons:189:23)
[31m[Nest] 35508  - [39m05/06/2026, 6:24:07 pm [31m  ERROR[39m [38;5;3m[TypeOrmModule] [39m[31mUnable to connect to the database (school). Retrying (8)...[39m
error: (EMAXCONNSESSION) max clients reached in session mode - max clients are limited to pool_size: 15
    at parseErrorMessage (C:\Users\HP\Desktop\apexiq-backend\apexiq\node_modules\pg-protocol\src\parser.ts:394:9)
    at Parser.handlePacket (C:\Users\HP\Desktop\apexiq-backend\apexiq\node_modules\pg-protocol\src\parser.ts:212:19)
    at Parser.parse (C:\Users\HP\Desktop\apexiq-backend\apexiq\node_modules\pg-protocol\src\parser.ts:105:30)
    at TLSSocket.<anonymous> (C:\Users\HP\Desktop\apexiq-backend\apexiq\node_modules\pg-protocol\src\index.ts:7:48)
    at TLSSocket.emit (node:events:508:28)
    at TLSSocket.emit (node:domain:489:12)
    at addChunk (node:internal/streams/readable:563:12)
    at readableAddChunkPushByteMode (node:internal/streams/readable:514:3)
    at TLSSocket.Readable.push (node:internal/streams/readable:394:5)
    at TLSWrap.onStreamRead (node:internal/stream_base_commons:189:23)
[31m[Nest] 35508  - [39m05/06/2026, 6:24:11 pm [31m  ERROR[39m [38;5;3m[TypeOrmModule] [39m[31mUnable to connect to the database (school). Retrying (9)...[39m
error: (EMAXCONNSESSION) max clients reached in session mode - max clients are limited to pool_size: 15
    at parseErrorMessage (C:\Users\HP\Desktop\apexiq-backend\apexiq\node_modules\pg-protocol\src\parser.ts:394:9)
    at Parser.handlePacket (C:\Users\HP\Desktop\apexiq-backend\apexiq\node_modules\pg-protocol\src\parser.ts:212:19)
    at Parser.parse (C:\Users\HP\Desktop\apexiq-backend\apexiq\node_modules\pg-protocol\src\parser.ts:105:30)
    at TLSSocket.<anonymous> (C:\Users\HP\Desktop\apexiq-backend\apexiq\node_modules\pg-protocol\src\index.ts:7:48)
    at TLSSocket.emit (node:events:508:28)
    at TLSSocket.emit (node:domain:489:12)
    at addChunk (node:internal/streams/readable:563:12)
    at readableAddChunkPushByteMode (node:internal/streams/readable:514:3)
    at TLSSocket.Readable.push (node:internal/streams/readable:394:5)
    at TLSWrap.onStreamRead (node:internal/stream_base_commons:189:23)
[31m[Nest] 35508  - [39m05/06/2026, 6:24:11 pm [31m  ERROR[39m [38;5;3m[ExceptionHandler] [39m[31m(EMAXCONNSESSION) max clients reached in session mode - max clients are limited to pool_size: 15[39m
error: (EMAXCONNSESSION) max clients reached in session mode - max clients are limited to pool_size: 15
    at parseErrorMessage (C:\Users\HP\Desktop\apexiq-backend\apexiq\node_modules\pg-protocol\src\parser.ts:394:9)
    at Parser.handlePacket (C:\Users\HP\Desktop\apexiq-backend\apexiq\node_modules\pg-protocol\src\parser.ts:212:19)
    at Parser.parse (C:\Users\HP\Desktop\apexiq-backend\apexiq\node_modules\pg-protocol\src\parser.ts:105:30)
    at TLSSocket.<anonymous> (C:\Users\HP\Desktop\apexiq-backend\apexiq\node_modules\pg-protocol\src\index.ts:7:48)
    at TLSSocket.emit (node:events:508:28)
    at TLSSocket.emit (node:domain:489:12)
    at addChunk (node:internal/streams/readable:563:12)
    at readableAddChunkPushByteMode (node:internal/streams/readable:514:3)
    at TLSSocket.Readable.push (node:internal/streams/readable:394:5)
    at TLSWrap.onStreamRead (node:internal/stream_base_commons:189:23)
