[2026-06-08T06:14:31.660Z] GET /api/v1/school/academic/classes
Status: 401
Error: UnauthorizedException: Not authorized to access this route
    at SchoolJwtGuard.canActivate (C:\Users\HP\Desktop\apexiq-backend\apexiq\src\modules\school\guards\school-jwt.guard.ts:44:23)
    at GuardsConsumer.tryActivate (C:\Users\HP\Desktop\apexiq-backend\apexiq\node_modules\@nestjs\core\guards\guards-consumer.js:15:34)
    at processTicksAndRejections (node:internal/process/task_queues:104:5)
    at async canActivateFn (C:\Users\HP\Desktop\apexiq-backend\apexiq\node_modules\@nestjs\core\router\router-execution-context.js:135:33)
    at async C:\Users\HP\Desktop\apexiq-backend\apexiq\node_modules\@nestjs\core\router\router-execution-context.js:42:31
    at async C:\Users\HP\Desktop\apexiq-backend\apexiq\node_modules\@nestjs\core\router\router-proxy.js:9:17

[2026-06-08T06:14:31.907Z] GET /api/v1/school/notifications/preferences
Status: 401
Error: UnauthorizedException: Not authorized to access this route
    at SchoolJwtGuard.canActivate (C:\Users\HP\Desktop\apexiq-backend\apexiq\src\modules\school\guards\school-jwt.guard.ts:44:23)
    at GuardsConsumer.tryActivate (C:\Users\HP\Desktop\apexiq-backend\apexiq\node_modules\@nestjs\core\guards\guards-consumer.js:15:34)
    at processTicksAndRejections (node:internal/process/task_queues:104:5)
    at async canActivateFn (C:\Users\HP\Desktop\apexiq-backend\apexiq\node_modules\@nestjs\core\router\router-execution-context.js:135:33)
    at async C:\Users\HP\Desktop\apexiq-backend\apexiq\node_modules\@nestjs\core\router\router-execution-context.js:42:31
    at async C:\Users\HP\Desktop\apexiq-backend\apexiq\node_modules\@nestjs\core\router\router-proxy.js:9:17

[2026-06-08T06:14:32.156Z] GET /api/v1/school/academic/classes
Status: 401
Error: UnauthorizedException: Invalid or expired token
    at SchoolJwtGuard.canActivate (C:\Users\HP\Desktop\apexiq-backend\apexiq\src\modules\school\guards\school-jwt.guard.ts:50:13)
    at GuardsConsumer.tryActivate (C:\Users\HP\Desktop\apexiq-backend\apexiq\node_modules\@nestjs\core\guards\guards-consumer.js:15:34)
    at processTicksAndRejections (node:internal/process/task_queues:104:5)
    at async canActivateFn (C:\Users\HP\Desktop\apexiq-backend\apexiq\node_modules\@nestjs\core\router\router-execution-context.js:135:33)
    at async C:\Users\HP\Desktop\apexiq-backend\apexiq\node_modules\@nestjs\core\router\router-execution-context.js:42:31
    at async C:\Users\HP\Desktop\apexiq-backend\apexiq\node_modules\@nestjs\core\router\router-proxy.js:9:17

[2026-06-08T06:16:57.819Z] GET /api/v1/school/dashboard/stats
Status: 401
Error: UnauthorizedException: Not authorized to access this route
    at SchoolJwtGuard.canActivate (C:\Users\HP\Desktop\apexiq-backend\apexiq\src\modules\school\guards\school-jwt.guard.ts:44:23)
    at GuardsConsumer.tryActivate (C:\Users\HP\Desktop\apexiq-backend\apexiq\node_modules\@nestjs\core\guards\guards-consumer.js:15:34)
    at processTicksAndRejections (node:internal/process/task_queues:104:5)
    at async canActivateFn (C:\Users\HP\Desktop\apexiq-backend\apexiq\node_modules\@nestjs\core\router\router-execution-context.js:135:33)
    at async C:\Users\HP\Desktop\apexiq-backend\apexiq\node_modules\@nestjs\core\router\router-execution-context.js:42:31
    at async C:\Users\HP\Desktop\apexiq-backend\apexiq\node_modules\@nestjs\core\router\router-proxy.js:9:17

[2026-06-08T06:17:17.249Z] GET /api/v1/school/classes/schedules
Status: 404
Error: NotFoundException: Cannot GET /api/v1/school/classes/schedules
    at callback (C:\Users\HP\Desktop\apexiq-backend\apexiq\node_modules\@nestjs\core\router\routes-resolver.js:77:19)
    at C:\Users\HP\Desktop\apexiq-backend\apexiq\node_modules\@nestjs\core\router\router-proxy.js:9:23
    at Layer.handle [as handle_request] (C:\Users\HP\Desktop\apexiq-backend\apexiq\node_modules\express\lib\router\layer.js:95:5)
    at trim_prefix (C:\Users\HP\Desktop\apexiq-backend\apexiq\node_modules\express\lib\router\index.js:328:13)
    at C:\Users\HP\Desktop\apexiq-backend\apexiq\node_modules\express\lib\router\index.js:286:9
    at router.process_params (C:\Users\HP\Desktop\apexiq-backend\apexiq\node_modules\express\lib\router\index.js:346:12)
    at next (C:\Users\HP\Desktop\apexiq-backend\apexiq\node_modules\express\lib\router\index.js:280:10)
    at next (C:\Users\HP\Desktop\apexiq-backend\apexiq\node_modules\express\lib\router\route.js:141:14)
    at next (C:\Users\HP\Desktop\apexiq-backend\apexiq\node_modules\express\lib\router\route.js:145:7)
    at next (C:\Users\HP\Desktop\apexiq-backend\apexiq\node_modules\express\lib\router\route.js:145:7)

[2026-06-08T06:17:17.265Z] GET /api/v1/school/classes/schedules
Status: 404
Error: NotFoundException: Cannot GET /api/v1/school/classes/schedules
    at callback (C:\Users\HP\Desktop\apexiq-backend\apexiq\node_modules\@nestjs\core\router\routes-resolver.js:77:19)
    at C:\Users\HP\Desktop\apexiq-backend\apexiq\node_modules\@nestjs\core\router\router-proxy.js:9:23
    at Layer.handle [as handle_request] (C:\Users\HP\Desktop\apexiq-backend\apexiq\node_modules\express\lib\router\layer.js:95:5)
    at trim_prefix (C:\Users\HP\Desktop\apexiq-backend\apexiq\node_modules\express\lib\router\index.js:328:13)
    at C:\Users\HP\Desktop\apexiq-backend\apexiq\node_modules\express\lib\router\index.js:286:9
    at router.process_params (C:\Users\HP\Desktop\apexiq-backend\apexiq\node_modules\express\lib\router\index.js:346:12)
    at next (C:\Users\HP\Desktop\apexiq-backend\apexiq\node_modules\express\lib\router\index.js:280:10)
    at next (C:\Users\HP\Desktop\apexiq-backend\apexiq\node_modules\express\lib\router\route.js:141:14)
    at next (C:\Users\HP\Desktop\apexiq-backend\apexiq\node_modules\express\lib\router\route.js:145:7)
    at next (C:\Users\HP\Desktop\apexiq-backend\apexiq\node_modules\express\lib\router\route.js:145:7)

[2026-06-08T06:17:31.095Z] GET /api/v1/school/classes/schedules
Status: 404
Error: NotFoundException: Cannot GET /api/v1/school/classes/schedules
    at callback (C:\Users\HP\Desktop\apexiq-backend\apexiq\node_modules\@nestjs\core\router\routes-resolver.js:77:19)
    at C:\Users\HP\Desktop\apexiq-backend\apexiq\node_modules\@nestjs\core\router\router-proxy.js:9:23
    at Layer.handle [as handle_request] (C:\Users\HP\Desktop\apexiq-backend\apexiq\node_modules\express\lib\router\layer.js:95:5)
    at trim_prefix (C:\Users\HP\Desktop\apexiq-backend\apexiq\node_modules\express\lib\router\index.js:328:13)
    at C:\Users\HP\Desktop\apexiq-backend\apexiq\node_modules\express\lib\router\index.js:286:9
    at router.process_params (C:\Users\HP\Desktop\apexiq-backend\apexiq\node_modules\express\lib\router\index.js:346:12)
    at next (C:\Users\HP\Desktop\apexiq-backend\apexiq\node_modules\express\lib\router\index.js:280:10)
    at next (C:\Users\HP\Desktop\apexiq-backend\apexiq\node_modules\express\lib\router\route.js:141:14)
    at next (C:\Users\HP\Desktop\apexiq-backend\apexiq\node_modules\express\lib\router\route.js:145:7)
    at next (C:\Users\HP\Desktop\apexiq-backend\apexiq\node_modules\express\lib\router\route.js:145:7)

[2026-06-08T06:17:31.105Z] GET /api/v1/school/classes/schedules
Status: 404
Error: NotFoundException: Cannot GET /api/v1/school/classes/schedules
    at callback (C:\Users\HP\Desktop\apexiq-backend\apexiq\node_modules\@nestjs\core\router\routes-resolver.js:77:19)
    at C:\Users\HP\Desktop\apexiq-backend\apexiq\node_modules\@nestjs\core\router\router-proxy.js:9:23
    at Layer.handle [as handle_request] (C:\Users\HP\Desktop\apexiq-backend\apexiq\node_modules\express\lib\router\layer.js:95:5)
    at trim_prefix (C:\Users\HP\Desktop\apexiq-backend\apexiq\node_modules\express\lib\router\index.js:328:13)
    at C:\Users\HP\Desktop\apexiq-backend\apexiq\node_modules\express\lib\router\index.js:286:9
    at router.process_params (C:\Users\HP\Desktop\apexiq-backend\apexiq\node_modules\express\lib\router\index.js:346:12)
    at next (C:\Users\HP\Desktop\apexiq-backend\apexiq\node_modules\express\lib\router\index.js:280:10)
    at next (C:\Users\HP\Desktop\apexiq-backend\apexiq\node_modules\express\lib\router\route.js:141:14)
    at next (C:\Users\HP\Desktop\apexiq-backend\apexiq\node_modules\express\lib\router\route.js:145:7)
    at next (C:\Users\HP\Desktop\apexiq-backend\apexiq\node_modules\express\lib\router\route.js:145:7)

[2026-06-08T06:28:08.956Z] GET /api/v1/school/students/dashboard
Status: 500
Error: QueryFailedError: invalid input syntax for type uuid: "dashboard"
    at PostgresQueryRunner.query (C:\Users\HP\Desktop\apexiq-backend\apexiq\node_modules\typeorm\src\driver\postgres\PostgresQueryRunner.ts:325:19)
    at processTicksAndRejections (node:internal/process/task_queues:104:5)
    at async DataSource.query (C:\Users\HP\Desktop\apexiq-backend\apexiq\node_modules\src\data-source\DataSource.ts:541:20)
    at async SchoolStudentService.findOne (C:\Users\HP\Desktop\apexiq-backend\apexiq\src\modules\school\student\school-student.service.ts:186:25)

[2026-06-08T06:30:00.066Z] GET /api/v1/school/classes/schedules
Status: 404
Error: NotFoundException: Cannot GET /api/v1/school/classes/schedules
    at callback (C:\Users\HP\Desktop\apexiq-backend\apexiq\node_modules\@nestjs\core\router\routes-resolver.js:77:19)
    at C:\Users\HP\Desktop\apexiq-backend\apexiq\node_modules\@nestjs\core\router\router-proxy.js:9:23
    at Layer.handle [as handle_request] (C:\Users\HP\Desktop\apexiq-backend\apexiq\node_modules\express\lib\router\layer.js:95:5)
    at trim_prefix (C:\Users\HP\Desktop\apexiq-backend\apexiq\node_modules\express\lib\router\index.js:328:13)
    at C:\Users\HP\Desktop\apexiq-backend\apexiq\node_modules\express\lib\router\index.js:286:9
    at router.process_params (C:\Users\HP\Desktop\apexiq-backend\apexiq\node_modules\express\lib\router\index.js:346:12)
    at next (C:\Users\HP\Desktop\apexiq-backend\apexiq\node_modules\express\lib\router\index.js:280:10)
    at next (C:\Users\HP\Desktop\apexiq-backend\apexiq\node_modules\express\lib\router\route.js:141:14)
    at next (C:\Users\HP\Desktop\apexiq-backend\apexiq\node_modules\express\lib\router\route.js:145:7)
    at next (C:\Users\HP\Desktop\apexiq-backend\apexiq\node_modules\express\lib\router\route.js:145:7)

[2026-06-08T06:30:00.385Z] GET /api/v1/school/classes/schedules
Status: 404
Error: NotFoundException: Cannot GET /api/v1/school/classes/schedules
    at callback (C:\Users\HP\Desktop\apexiq-backend\apexiq\node_modules\@nestjs\core\router\routes-resolver.js:77:19)
    at C:\Users\HP\Desktop\apexiq-backend\apexiq\node_modules\@nestjs\core\router\router-proxy.js:9:23
    at Layer.handle [as handle_request] (C:\Users\HP\Desktop\apexiq-backend\apexiq\node_modules\express\lib\router\layer.js:95:5)
    at trim_prefix (C:\Users\HP\Desktop\apexiq-backend\apexiq\node_modules\express\lib\router\index.js:328:13)
    at C:\Users\HP\Desktop\apexiq-backend\apexiq\node_modules\express\lib\router\index.js:286:9
    at router.process_params (C:\Users\HP\Desktop\apexiq-backend\apexiq\node_modules\express\lib\router\index.js:346:12)
    at next (C:\Users\HP\Desktop\apexiq-backend\apexiq\node_modules\express\lib\router\index.js:280:10)
    at next (C:\Users\HP\Desktop\apexiq-backend\apexiq\node_modules\express\lib\router\route.js:141:14)
    at next (C:\Users\HP\Desktop\apexiq-backend\apexiq\node_modules\express\lib\router\route.js:145:7)
    at next (C:\Users\HP\Desktop\apexiq-backend\apexiq\node_modules\express\lib\router\route.js:145:7)

[2026-06-08T06:30:06.625Z] GET /api/v1/school/classes/schedules
Status: 404
Error: NotFoundException: Cannot GET /api/v1/school/classes/schedules
    at callback (C:\Users\HP\Desktop\apexiq-backend\apexiq\node_modules\@nestjs\core\router\routes-resolver.js:77:19)
    at C:\Users\HP\Desktop\apexiq-backend\apexiq\node_modules\@nestjs\core\router\router-proxy.js:9:23
    at Layer.handle [as handle_request] (C:\Users\HP\Desktop\apexiq-backend\apexiq\node_modules\express\lib\router\layer.js:95:5)
    at trim_prefix (C:\Users\HP\Desktop\apexiq-backend\apexiq\node_modules\express\lib\router\index.js:328:13)
    at C:\Users\HP\Desktop\apexiq-backend\apexiq\node_modules\express\lib\router\index.js:286:9
    at router.process_params (C:\Users\HP\Desktop\apexiq-backend\apexiq\node_modules\express\lib\router\index.js:346:12)
    at next (C:\Users\HP\Desktop\apexiq-backend\apexiq\node_modules\express\lib\router\index.js:280:10)
    at next (C:\Users\HP\Desktop\apexiq-backend\apexiq\node_modules\express\lib\router\route.js:141:14)
    at next (C:\Users\HP\Desktop\apexiq-backend\apexiq\node_modules\express\lib\router\route.js:145:7)
    at next (C:\Users\HP\Desktop\apexiq-backend\apexiq\node_modules\express\lib\router\route.js:145:7)

[2026-06-08T06:30:06.953Z] GET /api/v1/school/classes/schedules
Status: 404
Error: NotFoundException: Cannot GET /api/v1/school/classes/schedules
    at callback (C:\Users\HP\Desktop\apexiq-backend\apexiq\node_modules\@nestjs\core\router\routes-resolver.js:77:19)
    at C:\Users\HP\Desktop\apexiq-backend\apexiq\node_modules\@nestjs\core\router\router-proxy.js:9:23
    at Layer.handle [as handle_request] (C:\Users\HP\Desktop\apexiq-backend\apexiq\node_modules\express\lib\router\layer.js:95:5)
    at trim_prefix (C:\Users\HP\Desktop\apexiq-backend\apexiq\node_modules\express\lib\router\index.js:328:13)
    at C:\Users\HP\Desktop\apexiq-backend\apexiq\node_modules\express\lib\router\index.js:286:9
    at router.process_params (C:\Users\HP\Desktop\apexiq-backend\apexiq\node_modules\express\lib\router\index.js:346:12)
    at next (C:\Users\HP\Desktop\apexiq-backend\apexiq\node_modules\express\lib\router\index.js:280:10)
    at next (C:\Users\HP\Desktop\apexiq-backend\apexiq\node_modules\express\lib\router\route.js:141:14)
    at next (C:\Users\HP\Desktop\apexiq-backend\apexiq\node_modules\express\lib\router\route.js:145:7)
    at next (C:\Users\HP\Desktop\apexiq-backend\apexiq\node_modules\express\lib\router\route.js:145:7)

[2026-06-08T06:30:57.223Z] GET /uploads/1780577469547-1ccba9e3-de19-4668-b17c-ac292d8cbaca.png
Status: 404
Error: NotFoundException: Cannot GET /uploads/1780577469547-1ccba9e3-de19-4668-b17c-ac292d8cbaca.png
    at callback (C:\Users\HP\Desktop\apexiq-backend\apexiq\node_modules\@nestjs\core\router\routes-resolver.js:77:19)
    at C:\Users\HP\Desktop\apexiq-backend\apexiq\node_modules\@nestjs\core\router\router-proxy.js:9:23
    at Layer.handle [as handle_request] (C:\Users\HP\Desktop\apexiq-backend\apexiq\node_modules\express\lib\router\layer.js:95:5)
    at trim_prefix (C:\Users\HP\Desktop\apexiq-backend\apexiq\node_modules\express\lib\router\index.js:328:13)
    at C:\Users\HP\Desktop\apexiq-backend\apexiq\node_modules\express\lib\router\index.js:286:9
    at router.process_params (C:\Users\HP\Desktop\apexiq-backend\apexiq\node_modules\express\lib\router\index.js:346:12)
    at next (C:\Users\HP\Desktop\apexiq-backend\apexiq\node_modules\express\lib\router\index.js:280:10)
    at cors (C:\Users\HP\Desktop\apexiq-backend\apexiq\node_modules\cors\lib\index.js:188:7)
    at C:\Users\HP\Desktop\apexiq-backend\apexiq\node_modules\cors\lib\index.js:224:17
    at originCallback (C:\Users\HP\Desktop\apexiq-backend\apexiq\node_modules\cors\lib\index.js:214:15)

[2026-06-08T06:31:51.183Z] GET /uploads/1780577469547-1ccba9e3-de19-4668-b17c-ac292d8cbaca.png
Status: 404
Error: NotFoundException: Cannot GET /uploads/1780577469547-1ccba9e3-de19-4668-b17c-ac292d8cbaca.png
    at callback (C:\Users\HP\Desktop\apexiq-backend\apexiq\node_modules\@nestjs\core\router\routes-resolver.js:77:19)
    at C:\Users\HP\Desktop\apexiq-backend\apexiq\node_modules\@nestjs\core\router\router-proxy.js:9:23
    at Layer.handle [as handle_request] (C:\Users\HP\Desktop\apexiq-backend\apexiq\node_modules\express\lib\router\layer.js:95:5)
    at trim_prefix (C:\Users\HP\Desktop\apexiq-backend\apexiq\node_modules\express\lib\router\index.js:328:13)
    at C:\Users\HP\Desktop\apexiq-backend\apexiq\node_modules\express\lib\router\index.js:286:9
    at router.process_params (C:\Users\HP\Desktop\apexiq-backend\apexiq\node_modules\express\lib\router\index.js:346:12)
    at next (C:\Users\HP\Desktop\apexiq-backend\apexiq\node_modules\express\lib\router\index.js:280:10)
    at cors (C:\Users\HP\Desktop\apexiq-backend\apexiq\node_modules\cors\lib\index.js:188:7)
    at C:\Users\HP\Desktop\apexiq-backend\apexiq\node_modules\cors\lib\index.js:224:17
    at originCallback (C:\Users\HP\Desktop\apexiq-backend\apexiq\node_modules\cors\lib\index.js:214:15)

[2026-06-08T06:32:37.140Z] GET /api/v1/school/reports/class/1
Status: 404
Error: NotFoundException: Cannot GET /api/v1/school/reports/class/1
    at callback (C:\Users\HP\Desktop\apexiq-backend\apexiq\node_modules\@nestjs\core\router\routes-resolver.js:77:19)
    at C:\Users\HP\Desktop\apexiq-backend\apexiq\node_modules\@nestjs\core\router\router-proxy.js:9:23
    at Layer.handle [as handle_request] (C:\Users\HP\Desktop\apexiq-backend\apexiq\node_modules\express\lib\router\layer.js:95:5)
    at trim_prefix (C:\Users\HP\Desktop\apexiq-backend\apexiq\node_modules\express\lib\router\index.js:328:13)
    at C:\Users\HP\Desktop\apexiq-backend\apexiq\node_modules\express\lib\router\index.js:286:9
    at router.process_params (C:\Users\HP\Desktop\apexiq-backend\apexiq\node_modules\express\lib\router\index.js:346:12)
    at next (C:\Users\HP\Desktop\apexiq-backend\apexiq\node_modules\express\lib\router\index.js:280:10)
    at next (C:\Users\HP\Desktop\apexiq-backend\apexiq\node_modules\express\lib\router\route.js:141:14)
    at next (C:\Users\HP\Desktop\apexiq-backend\apexiq\node_modules\express\lib\router\route.js:145:7)
    at next (C:\Users\HP\Desktop\apexiq-backend\apexiq\node_modules\express\lib\router\route.js:145:7)

[2026-06-08T06:32:37.460Z] GET /api/v1/school/reports/class/1
Status: 404
Error: NotFoundException: Cannot GET /api/v1/school/reports/class/1
    at callback (C:\Users\HP\Desktop\apexiq-backend\apexiq\node_modules\@nestjs\core\router\routes-resolver.js:77:19)
    at C:\Users\HP\Desktop\apexiq-backend\apexiq\node_modules\@nestjs\core\router\router-proxy.js:9:23
    at Layer.handle [as handle_request] (C:\Users\HP\Desktop\apexiq-backend\apexiq\node_modules\express\lib\router\layer.js:95:5)
    at trim_prefix (C:\Users\HP\Desktop\apexiq-backend\apexiq\node_modules\express\lib\router\index.js:328:13)
    at C:\Users\HP\Desktop\apexiq-backend\apexiq\node_modules\express\lib\router\index.js:286:9
    at router.process_params (C:\Users\HP\Desktop\apexiq-backend\apexiq\node_modules\express\lib\router\index.js:346:12)
    at next (C:\Users\HP\Desktop\apexiq-backend\apexiq\node_modules\express\lib\router\index.js:280:10)
    at next (C:\Users\HP\Desktop\apexiq-backend\apexiq\node_modules\express\lib\router\route.js:141:14)
    at next (C:\Users\HP\Desktop\apexiq-backend\apexiq\node_modules\express\lib\router\route.js:145:7)
    at next (C:\Users\HP\Desktop\apexiq-backend\apexiq\node_modules\express\lib\router\route.js:145:7)

[2026-06-08T06:33:17.616Z] GET /api/v1/school/students/dashboard
Status: 500
Error: QueryFailedError: invalid input syntax for type uuid: "dashboard"
    at PostgresQueryRunner.query (C:\Users\HP\Desktop\apexiq-backend\apexiq\node_modules\typeorm\src\driver\postgres\PostgresQueryRunner.ts:325:19)
    at processTicksAndRejections (node:internal/process/task_queues:104:5)
    at async DataSource.query (C:\Users\HP\Desktop\apexiq-backend\apexiq\node_modules\src\data-source\DataSource.ts:541:20)
    at async SchoolStudentService.findOne (C:\Users\HP\Desktop\apexiq-backend\apexiq\src\modules\school\student\school-student.service.ts:186:25)

[2026-06-08T06:33:23.622Z] GET /api/v1/school/students/dashboard
Status: 500
Error: QueryFailedError: invalid input syntax for type uuid: "dashboard"
    at PostgresQueryRunner.query (C:\Users\HP\Desktop\apexiq-backend\apexiq\node_modules\typeorm\src\driver\postgres\PostgresQueryRunner.ts:325:19)
    at processTicksAndRejections (node:internal/process/task_queues:104:5)
    at async DataSource.query (C:\Users\HP\Desktop\apexiq-backend\apexiq\node_modules\src\data-source\DataSource.ts:541:20)
    at async SchoolStudentService.findOne (C:\Users\HP\Desktop\apexiq-backend\apexiq\src\modules\school\student\school-student.service.ts:186:25)

[2026-06-08T06:33:24.713Z] GET /api/v1/school/students/dashboard
Status: 500
Error: QueryFailedError: invalid input syntax for type uuid: "dashboard"
    at PostgresQueryRunner.query (C:\Users\HP\Desktop\apexiq-backend\apexiq\node_modules\typeorm\src\driver\postgres\PostgresQueryRunner.ts:325:19)
    at processTicksAndRejections (node:internal/process/task_queues:104:5)
    at async DataSource.query (C:\Users\HP\Desktop\apexiq-backend\apexiq\node_modules\src\data-source\DataSource.ts:541:20)
    at async SchoolStudentService.findOne (C:\Users\HP\Desktop\apexiq-backend\apexiq\src\modules\school\student\school-student.service.ts:186:25)

[2026-06-08T06:33:41.298Z] GET /api/v1/school/school/materials
Status: 404
Error: NotFoundException: Cannot GET /api/v1/school/school/materials
    at callback (C:\Users\HP\Desktop\apexiq-backend\apexiq\node_modules\@nestjs\core\router\routes-resolver.js:77:19)
    at C:\Users\HP\Desktop\apexiq-backend\apexiq\node_modules\@nestjs\core\router\router-proxy.js:9:23
    at Layer.handle [as handle_request] (C:\Users\HP\Desktop\apexiq-backend\apexiq\node_modules\express\lib\router\layer.js:95:5)
    at trim_prefix (C:\Users\HP\Desktop\apexiq-backend\apexiq\node_modules\express\lib\router\index.js:328:13)
    at C:\Users\HP\Desktop\apexiq-backend\apexiq\node_modules\express\lib\router\index.js:286:9
    at router.process_params (C:\Users\HP\Desktop\apexiq-backend\apexiq\node_modules\express\lib\router\index.js:346:12)
    at next (C:\Users\HP\Desktop\apexiq-backend\apexiq\node_modules\express\lib\router\index.js:280:10)
    at next (C:\Users\HP\Desktop\apexiq-backend\apexiq\node_modules\express\lib\router\route.js:141:14)
    at next (C:\Users\HP\Desktop\apexiq-backend\apexiq\node_modules\express\lib\router\route.js:145:7)
    at next (C:\Users\HP\Desktop\apexiq-backend\apexiq\node_modules\express\lib\router\route.js:145:7)

[2026-06-08T06:33:41.532Z] GET /api/v1/school/school/materials
Status: 404
Error: NotFoundException: Cannot GET /api/v1/school/school/materials
    at callback (C:\Users\HP\Desktop\apexiq-backend\apexiq\node_modules\@nestjs\core\router\routes-resolver.js:77:19)
    at C:\Users\HP\Desktop\apexiq-backend\apexiq\node_modules\@nestjs\core\router\router-proxy.js:9:23
    at Layer.handle [as handle_request] (C:\Users\HP\Desktop\apexiq-backend\apexiq\node_modules\express\lib\router\layer.js:95:5)
    at trim_prefix (C:\Users\HP\Desktop\apexiq-backend\apexiq\node_modules\express\lib\router\index.js:328:13)
    at C:\Users\HP\Desktop\apexiq-backend\apexiq\node_modules\express\lib\router\index.js:286:9
    at router.process_params (C:\Users\HP\Desktop\apexiq-backend\apexiq\node_modules\express\lib\router\index.js:346:12)
    at next (C:\Users\HP\Desktop\apexiq-backend\apexiq\node_modules\express\lib\router\index.js:280:10)
    at next (C:\Users\HP\Desktop\apexiq-backend\apexiq\node_modules\express\lib\router\route.js:141:14)
    at next (C:\Users\HP\Desktop\apexiq-backend\apexiq\node_modules\express\lib\router\route.js:145:7)
    at next (C:\Users\HP\Desktop\apexiq-backend\apexiq\node_modules\express\lib\router\route.js:145:7)

[2026-06-08T06:34:07.862Z] GET /api/v1/school/study-plans/courses
Status: 404
Error: NotFoundException: Cannot GET /api/v1/school/study-plans/courses
    at callback (C:\Users\HP\Desktop\apexiq-backend\apexiq\node_modules\@nestjs\core\router\routes-resolver.js:77:19)
    at C:\Users\HP\Desktop\apexiq-backend\apexiq\node_modules\@nestjs\core\router\router-proxy.js:9:23
    at Layer.handle [as handle_request] (C:\Users\HP\Desktop\apexiq-backend\apexiq\node_modules\express\lib\router\layer.js:95:5)
    at trim_prefix (C:\Users\HP\Desktop\apexiq-backend\apexiq\node_modules\express\lib\router\index.js:328:13)
    at C:\Users\HP\Desktop\apexiq-backend\apexiq\node_modules\express\lib\router\index.js:286:9
    at router.process_params (C:\Users\HP\Desktop\apexiq-backend\apexiq\node_modules\express\lib\router\index.js:346:12)
    at next (C:\Users\HP\Desktop\apexiq-backend\apexiq\node_modules\express\lib\router\index.js:280:10)
    at next (C:\Users\HP\Desktop\apexiq-backend\apexiq\node_modules\express\lib\router\route.js:141:14)
    at next (C:\Users\HP\Desktop\apexiq-backend\apexiq\node_modules\express\lib\router\route.js:145:7)
    at next (C:\Users\HP\Desktop\apexiq-backend\apexiq\node_modules\express\lib\router\route.js:145:7)

[2026-06-08T06:34:08.184Z] GET /api/v1/school/study-plans/courses
Status: 404
Error: NotFoundException: Cannot GET /api/v1/school/study-plans/courses
    at callback (C:\Users\HP\Desktop\apexiq-backend\apexiq\node_modules\@nestjs\core\router\routes-resolver.js:77:19)
    at C:\Users\HP\Desktop\apexiq-backend\apexiq\node_modules\@nestjs\core\router\router-proxy.js:9:23
    at Layer.handle [as handle_request] (C:\Users\HP\Desktop\apexiq-backend\apexiq\node_modules\express\lib\router\layer.js:95:5)
    at trim_prefix (C:\Users\HP\Desktop\apexiq-backend\apexiq\node_modules\express\lib\router\index.js:328:13)
    at C:\Users\HP\Desktop\apexiq-backend\apexiq\node_modules\express\lib\router\index.js:286:9
    at router.process_params (C:\Users\HP\Desktop\apexiq-backend\apexiq\node_modules\express\lib\router\index.js:346:12)
    at next (C:\Users\HP\Desktop\apexiq-backend\apexiq\node_modules\express\lib\router\index.js:280:10)
    at next (C:\Users\HP\Desktop\apexiq-backend\apexiq\node_modules\express\lib\router\route.js:141:14)
    at next (C:\Users\HP\Desktop\apexiq-backend\apexiq\node_modules\express\lib\router\route.js:145:7)
    at next (C:\Users\HP\Desktop\apexiq-backend\apexiq\node_modules\express\lib\router\route.js:145:7)

[2026-06-08T06:34:08.495Z] GET /api/v1/school/study-plans/courses
Status: 404
Error: NotFoundException: Cannot GET /api/v1/school/study-plans/courses
    at callback (C:\Users\HP\Desktop\apexiq-backend\apexiq\node_modules\@nestjs\core\router\routes-resolver.js:77:19)
    at C:\Users\HP\Desktop\apexiq-backend\apexiq\node_modules\@nestjs\core\router\router-proxy.js:9:23
    at Layer.handle [as handle_request] (C:\Users\HP\Desktop\apexiq-backend\apexiq\node_modules\express\lib\router\layer.js:95:5)
    at trim_prefix (C:\Users\HP\Desktop\apexiq-backend\apexiq\node_modules\express\lib\router\index.js:328:13)
    at C:\Users\HP\Desktop\apexiq-backend\apexiq\node_modules\express\lib\router\index.js:286:9
    at router.process_params (C:\Users\HP\Desktop\apexiq-backend\apexiq\node_modules\express\lib\router\index.js:346:12)
    at next (C:\Users\HP\Desktop\apexiq-backend\apexiq\node_modules\express\lib\router\index.js:280:10)
    at next (C:\Users\HP\Desktop\apexiq-backend\apexiq\node_modules\express\lib\router\route.js:141:14)
    at next (C:\Users\HP\Desktop\apexiq-backend\apexiq\node_modules\express\lib\router\route.js:145:7)
    at next (C:\Users\HP\Desktop\apexiq-backend\apexiq\node_modules\express\lib\router\route.js:145:7)

[2026-06-08T06:34:41.604Z] GET /api/v1/school/battles/leaderboard
Status: 404
Error: NotFoundException: Cannot GET /api/v1/school/battles/leaderboard
    at callback (C:\Users\HP\Desktop\apexiq-backend\apexiq\node_modules\@nestjs\core\router\routes-resolver.js:77:19)
    at C:\Users\HP\Desktop\apexiq-backend\apexiq\node_modules\@nestjs\core\router\router-proxy.js:9:23
    at Layer.handle [as handle_request] (C:\Users\HP\Desktop\apexiq-backend\apexiq\node_modules\express\lib\router\layer.js:95:5)
    at trim_prefix (C:\Users\HP\Desktop\apexiq-backend\apexiq\node_modules\express\lib\router\index.js:328:13)
    at C:\Users\HP\Desktop\apexiq-backend\apexiq\node_modules\express\lib\router\index.js:286:9
    at router.process_params (C:\Users\HP\Desktop\apexiq-backend\apexiq\node_modules\express\lib\router\index.js:346:12)
    at next (C:\Users\HP\Desktop\apexiq-backend\apexiq\node_modules\express\lib\router\index.js:280:10)
    at next (C:\Users\HP\Desktop\apexiq-backend\apexiq\node_modules\express\lib\router\route.js:141:14)
    at next (C:\Users\HP\Desktop\apexiq-backend\apexiq\node_modules\express\lib\router\route.js:145:7)
    at next (C:\Users\HP\Desktop\apexiq-backend\apexiq\node_modules\express\lib\router\route.js:145:7)

[2026-06-08T06:34:41.682Z] GET /api/v1/school/battles/leaderboard
Status: 404
Error: NotFoundException: Cannot GET /api/v1/school/battles/leaderboard
    at callback (C:\Users\HP\Desktop\apexiq-backend\apexiq\node_modules\@nestjs\core\router\routes-resolver.js:77:19)
    at C:\Users\HP\Desktop\apexiq-backend\apexiq\node_modules\@nestjs\core\router\router-proxy.js:9:23
    at Layer.handle [as handle_request] (C:\Users\HP\Desktop\apexiq-backend\apexiq\node_modules\express\lib\router\layer.js:95:5)
    at trim_prefix (C:\Users\HP\Desktop\apexiq-backend\apexiq\node_modules\express\lib\router\index.js:328:13)
    at C:\Users\HP\Desktop\apexiq-backend\apexiq\node_modules\express\lib\router\index.js:286:9
    at router.process_params (C:\Users\HP\Desktop\apexiq-backend\apexiq\node_modules\express\lib\router\index.js:346:12)
    at next (C:\Users\HP\Desktop\apexiq-backend\apexiq\node_modules\express\lib\router\index.js:280:10)
    at next (C:\Users\HP\Desktop\apexiq-backend\apexiq\node_modules\express\lib\router\route.js:141:14)
    at next (C:\Users\HP\Desktop\apexiq-backend\apexiq\node_modules\express\lib\router\route.js:145:7)
    at next (C:\Users\HP\Desktop\apexiq-backend\apexiq\node_modules\express\lib\router\route.js:145:7)

[2026-06-08T06:34:41.850Z] GET /api/v1/school/students/dashboard
Status: 500
Error: QueryFailedError: invalid input syntax for type uuid: "dashboard"
    at PostgresQueryRunner.query (C:\Users\HP\Desktop\apexiq-backend\apexiq\node_modules\typeorm\src\driver\postgres\PostgresQueryRunner.ts:325:19)
    at processTicksAndRejections (node:internal/process/task_queues:104:5)
    at async DataSource.query (C:\Users\HP\Desktop\apexiq-backend\apexiq\node_modules\src\data-source\DataSource.ts:541:20)
    at async SchoolStudentService.findOne (C:\Users\HP\Desktop\apexiq-backend\apexiq\src\modules\school\student\school-student.service.ts:186:25)

[2026-06-08T06:34:41.914Z] GET /api/v1/school/battles/leaderboard
Status: 404
Error: NotFoundException: Cannot GET /api/v1/school/battles/leaderboard
    at callback (C:\Users\HP\Desktop\apexiq-backend\apexiq\node_modules\@nestjs\core\router\routes-resolver.js:77:19)
    at C:\Users\HP\Desktop\apexiq-backend\apexiq\node_modules\@nestjs\core\router\router-proxy.js:9:23
    at Layer.handle [as handle_request] (C:\Users\HP\Desktop\apexiq-backend\apexiq\node_modules\express\lib\router\layer.js:95:5)
    at trim_prefix (C:\Users\HP\Desktop\apexiq-backend\apexiq\node_modules\express\lib\router\index.js:328:13)
    at C:\Users\HP\Desktop\apexiq-backend\apexiq\node_modules\express\lib\router\index.js:286:9
    at router.process_params (C:\Users\HP\Desktop\apexiq-backend\apexiq\node_modules\express\lib\router\index.js:346:12)
    at next (C:\Users\HP\Desktop\apexiq-backend\apexiq\node_modules\express\lib\router\index.js:280:10)
    at next (C:\Users\HP\Desktop\apexiq-backend\apexiq\node_modules\express\lib\router\route.js:141:14)
    at next (C:\Users\HP\Desktop\apexiq-backend\apexiq\node_modules\express\lib\router\route.js:145:7)
    at next (C:\Users\HP\Desktop\apexiq-backend\apexiq\node_modules\express\lib\router\route.js:145:7)

[2026-06-08T06:34:42.051Z] GET /api/v1/school/students/dashboard
Status: 500
Error: QueryFailedError: invalid input syntax for type uuid: "dashboard"
    at PostgresQueryRunner.query (C:\Users\HP\Desktop\apexiq-backend\apexiq\node_modules\typeorm\src\driver\postgres\PostgresQueryRunner.ts:325:19)
    at processTicksAndRejections (node:internal/process/task_queues:104:5)
    at async DataSource.query (C:\Users\HP\Desktop\apexiq-backend\apexiq\node_modules\src\data-source\DataSource.ts:541:20)
    at async SchoolStudentService.findOne (C:\Users\HP\Desktop\apexiq-backend\apexiq\src\modules\school\student\school-student.service.ts:186:25)

[2026-06-08T06:34:42.204Z] GET /api/v1/school/students/dashboard
Status: 500
Error: QueryFailedError: invalid input syntax for type uuid: "dashboard"
    at PostgresQueryRunner.query (C:\Users\HP\Desktop\apexiq-backend\apexiq\node_modules\typeorm\src\driver\postgres\PostgresQueryRunner.ts:325:19)
    at processTicksAndRejections (node:internal/process/task_queues:104:5)
    at async DataSource.query (C:\Users\HP\Desktop\apexiq-backend\apexiq\node_modules\src\data-source\DataSource.ts:541:20)
    at async SchoolStudentService.findOne (C:\Users\HP\Desktop\apexiq-backend\apexiq\src\modules\school\student\school-student.service.ts:186:25)

[2026-06-08T06:34:51.469Z] GET /api/v1/school/students/dashboard
Status: 500
Error: QueryFailedError: invalid input syntax for type uuid: "dashboard"
    at PostgresQueryRunner.query (C:\Users\HP\Desktop\apexiq-backend\apexiq\node_modules\typeorm\src\driver\postgres\PostgresQueryRunner.ts:325:19)
    at processTicksAndRejections (node:internal/process/task_queues:104:5)
    at async DataSource.query (C:\Users\HP\Desktop\apexiq-backend\apexiq\node_modules\src\data-source\DataSource.ts:541:20)
    at async SchoolStudentService.findOne (C:\Users\HP\Desktop\apexiq-backend\apexiq\src\modules\school\student\school-student.service.ts:186:25)

[2026-06-08T06:34:51.733Z] GET /api/v1/school/battles/leaderboard
Status: 404
Error: NotFoundException: Cannot GET /api/v1/school/battles/leaderboard
    at callback (C:\Users\HP\Desktop\apexiq-backend\apexiq\node_modules\@nestjs\core\router\routes-resolver.js:77:19)
    at C:\Users\HP\Desktop\apexiq-backend\apexiq\node_modules\@nestjs\core\router\router-proxy.js:9:23
    at Layer.handle [as handle_request] (C:\Users\HP\Desktop\apexiq-backend\apexiq\node_modules\express\lib\router\layer.js:95:5)
    at trim_prefix (C:\Users\HP\Desktop\apexiq-backend\apexiq\node_modules\express\lib\router\index.js:328:13)
    at C:\Users\HP\Desktop\apexiq-backend\apexiq\node_modules\express\lib\router\index.js:286:9
    at router.process_params (C:\Users\HP\Desktop\apexiq-backend\apexiq\node_modules\express\lib\router\index.js:346:12)
    at next (C:\Users\HP\Desktop\apexiq-backend\apexiq\node_modules\express\lib\router\index.js:280:10)
    at next (C:\Users\HP\Desktop\apexiq-backend\apexiq\node_modules\express\lib\router\route.js:141:14)
    at next (C:\Users\HP\Desktop\apexiq-backend\apexiq\node_modules\express\lib\router\route.js:145:7)
    at next (C:\Users\HP\Desktop\apexiq-backend\apexiq\node_modules\express\lib\router\route.js:145:7)

[2026-06-08T06:34:51.826Z] GET /api/v1/school/students/dashboard
Status: 500
Error: QueryFailedError: invalid input syntax for type uuid: "dashboard"
    at PostgresQueryRunner.query (C:\Users\HP\Desktop\apexiq-backend\apexiq\node_modules\typeorm\src\driver\postgres\PostgresQueryRunner.ts:325:19)
    at processTicksAndRejections (node:internal/process/task_queues:104:5)
    at async DataSource.query (C:\Users\HP\Desktop\apexiq-backend\apexiq\node_modules\src\data-source\DataSource.ts:541:20)
    at async SchoolStudentService.findOne (C:\Users\HP\Desktop\apexiq-backend\apexiq\src\modules\school\student\school-student.service.ts:186:25)

[2026-06-08T06:34:52.055Z] GET /api/v1/school/battles/leaderboard
Status: 404
Error: NotFoundException: Cannot GET /api/v1/school/battles/leaderboard
    at callback (C:\Users\HP\Desktop\apexiq-backend\apexiq\node_modules\@nestjs\core\router\routes-resolver.js:77:19)
    at C:\Users\HP\Desktop\apexiq-backend\apexiq\node_modules\@nestjs\core\router\router-proxy.js:9:23
    at Layer.handle [as handle_request] (C:\Users\HP\Desktop\apexiq-backend\apexiq\node_modules\express\lib\router\layer.js:95:5)
    at trim_prefix (C:\Users\HP\Desktop\apexiq-backend\apexiq\node_modules\express\lib\router\index.js:328:13)
    at C:\Users\HP\Desktop\apexiq-backend\apexiq\node_modules\express\lib\router\index.js:286:9
    at router.process_params (C:\Users\HP\Desktop\apexiq-backend\apexiq\node_modules\express\lib\router\index.js:346:12)
    at next (C:\Users\HP\Desktop\apexiq-backend\apexiq\node_modules\express\lib\router\index.js:280:10)
    at next (C:\Users\HP\Desktop\apexiq-backend\apexiq\node_modules\express\lib\router\route.js:141:14)
    at next (C:\Users\HP\Desktop\apexiq-backend\apexiq\node_modules\express\lib\router\route.js:145:7)
    at next (C:\Users\HP\Desktop\apexiq-backend\apexiq\node_modules\express\lib\router\route.js:145:7)

[2026-06-08T06:35:39.895Z] GET /api/v1/school/battles/leaderboard
Status: 404
Error: NotFoundException: Cannot GET /api/v1/school/battles/leaderboard
    at callback (C:\Users\HP\Desktop\apexiq-backend\apexiq\node_modules\@nestjs\core\router\routes-resolver.js:77:19)
    at C:\Users\HP\Desktop\apexiq-backend\apexiq\node_modules\@nestjs\core\router\router-proxy.js:9:23
    at Layer.handle [as handle_request] (C:\Users\HP\Desktop\apexiq-backend\apexiq\node_modules\express\lib\router\layer.js:95:5)
    at trim_prefix (C:\Users\HP\Desktop\apexiq-backend\apexiq\node_modules\express\lib\router\index.js:328:13)
    at C:\Users\HP\Desktop\apexiq-backend\apexiq\node_modules\express\lib\router\index.js:286:9
    at router.process_params (C:\Users\HP\Desktop\apexiq-backend\apexiq\node_modules\express\lib\router\index.js:346:12)
    at next (C:\Users\HP\Desktop\apexiq-backend\apexiq\node_modules\express\lib\router\index.js:280:10)
    at next (C:\Users\HP\Desktop\apexiq-backend\apexiq\node_modules\express\lib\router\route.js:141:14)
    at next (C:\Users\HP\Desktop\apexiq-backend\apexiq\node_modules\express\lib\router\route.js:145:7)
    at next (C:\Users\HP\Desktop\apexiq-backend\apexiq\node_modules\express\lib\router\route.js:145:7)

[2026-06-08T06:35:39.998Z] GET /api/v1/school/students/dashboard
Status: 500
Error: QueryFailedError: invalid input syntax for type uuid: "dashboard"
    at PostgresQueryRunner.query (C:\Users\HP\Desktop\apexiq-backend\apexiq\node_modules\typeorm\src\driver\postgres\PostgresQueryRunner.ts:325:19)
    at processTicksAndRejections (node:internal/process/task_queues:104:5)
    at async DataSource.query (C:\Users\HP\Desktop\apexiq-backend\apexiq\node_modules\src\data-source\DataSource.ts:541:20)
    at async SchoolStudentService.findOne (C:\Users\HP\Desktop\apexiq-backend\apexiq\src\modules\school\student\school-student.service.ts:186:25)

[2026-06-08T06:35:40.146Z] GET /api/v1/school/battles/leaderboard
Status: 404
Error: NotFoundException: Cannot GET /api/v1/school/battles/leaderboard
    at callback (C:\Users\HP\Desktop\apexiq-backend\apexiq\node_modules\@nestjs\core\router\routes-resolver.js:77:19)
    at C:\Users\HP\Desktop\apexiq-backend\apexiq\node_modules\@nestjs\core\router\router-proxy.js:9:23
    at Layer.handle [as handle_request] (C:\Users\HP\Desktop\apexiq-backend\apexiq\node_modules\express\lib\router\layer.js:95:5)
    at trim_prefix (C:\Users\HP\Desktop\apexiq-backend\apexiq\node_modules\express\lib\router\index.js:328:13)
    at C:\Users\HP\Desktop\apexiq-backend\apexiq\node_modules\express\lib\router\index.js:286:9
    at router.process_params (C:\Users\HP\Desktop\apexiq-backend\apexiq\node_modules\express\lib\router\index.js:346:12)
    at next (C:\Users\HP\Desktop\apexiq-backend\apexiq\node_modules\express\lib\router\index.js:280:10)
    at next (C:\Users\HP\Desktop\apexiq-backend\apexiq\node_modules\express\lib\router\route.js:141:14)
    at next (C:\Users\HP\Desktop\apexiq-backend\apexiq\node_modules\express\lib\router\route.js:145:7)
    at next (C:\Users\HP\Desktop\apexiq-backend\apexiq\node_modules\express\lib\router\route.js:145:7)

[2026-06-08T06:35:40.255Z] GET /api/v1/school/students/dashboard
Status: 500
Error: QueryFailedError: invalid input syntax for type uuid: "dashboard"
    at PostgresQueryRunner.query (C:\Users\HP\Desktop\apexiq-backend\apexiq\node_modules\typeorm\src\driver\postgres\PostgresQueryRunner.ts:325:19)
    at processTicksAndRejections (node:internal/process/task_queues:104:5)
    at async DataSource.query (C:\Users\HP\Desktop\apexiq-backend\apexiq\node_modules\src\data-source\DataSource.ts:541:20)
    at async SchoolStudentService.findOne (C:\Users\HP\Desktop\apexiq-backend\apexiq\src\modules\school\student\school-student.service.ts:186:25)

[2026-06-08T06:35:47.913Z] GET /api/v1/school/battles/leaderboard
Status: 404
Error: NotFoundException: Cannot GET /api/v1/school/battles/leaderboard
    at callback (C:\Users\HP\Desktop\apexiq-backend\apexiq\node_modules\@nestjs\core\router\routes-resolver.js:77:19)
    at C:\Users\HP\Desktop\apexiq-backend\apexiq\node_modules\@nestjs\core\router\router-proxy.js:9:23
    at Layer.handle [as handle_request] (C:\Users\HP\Desktop\apexiq-backend\apexiq\node_modules\express\lib\router\layer.js:95:5)
    at trim_prefix (C:\Users\HP\Desktop\apexiq-backend\apexiq\node_modules\express\lib\router\index.js:328:13)
    at C:\Users\HP\Desktop\apexiq-backend\apexiq\node_modules\express\lib\router\index.js:286:9
    at router.process_params (C:\Users\HP\Desktop\apexiq-backend\apexiq\node_modules\express\lib\router\index.js:346:12)
    at next (C:\Users\HP\Desktop\apexiq-backend\apexiq\node_modules\express\lib\router\index.js:280:10)
    at next (C:\Users\HP\Desktop\apexiq-backend\apexiq\node_modules\express\lib\router\route.js:141:14)
    at next (C:\Users\HP\Desktop\apexiq-backend\apexiq\node_modules\express\lib\router\route.js:145:7)
    at next (C:\Users\HP\Desktop\apexiq-backend\apexiq\node_modules\express\lib\router\route.js:145:7)

[2026-06-08T06:35:47.921Z] GET /api/v1/school/battles/leaderboard
Status: 404
Error: NotFoundException: Cannot GET /api/v1/school/battles/leaderboard
    at callback (C:\Users\HP\Desktop\apexiq-backend\apexiq\node_modules\@nestjs\core\router\routes-resolver.js:77:19)
    at C:\Users\HP\Desktop\apexiq-backend\apexiq\node_modules\@nestjs\core\router\router-proxy.js:9:23
    at Layer.handle [as handle_request] (C:\Users\HP\Desktop\apexiq-backend\apexiq\node_modules\express\lib\router\layer.js:95:5)
    at trim_prefix (C:\Users\HP\Desktop\apexiq-backend\apexiq\node_modules\express\lib\router\index.js:328:13)
    at C:\Users\HP\Desktop\apexiq-backend\apexiq\node_modules\express\lib\router\index.js:286:9
    at router.process_params (C:\Users\HP\Desktop\apexiq-backend\apexiq\node_modules\express\lib\router\index.js:346:12)
    at next (C:\Users\HP\Desktop\apexiq-backend\apexiq\node_modules\express\lib\router\index.js:280:10)
    at next (C:\Users\HP\Desktop\apexiq-backend\apexiq\node_modules\express\lib\router\route.js:141:14)
    at next (C:\Users\HP\Desktop\apexiq-backend\apexiq\node_modules\express\lib\router\route.js:145:7)
    at next (C:\Users\HP\Desktop\apexiq-backend\apexiq\node_modules\express\lib\router\route.js:145:7)

[2026-06-08T06:35:47.953Z] GET /api/v1/school/students/dashboard
Status: 500
Error: QueryFailedError: invalid input syntax for type uuid: "dashboard"
    at PostgresQueryRunner.query (C:\Users\HP\Desktop\apexiq-backend\apexiq\node_modules\typeorm\src\driver\postgres\PostgresQueryRunner.ts:325:19)
    at processTicksAndRejections (node:internal/process/task_queues:104:5)
    at async DataSource.query (C:\Users\HP\Desktop\apexiq-backend\apexiq\node_modules\src\data-source\DataSource.ts:541:20)
    at async SchoolStudentService.findOne (C:\Users\HP\Desktop\apexiq-backend\apexiq\src\modules\school\student\school-student.service.ts:186:25)

[2026-06-08T06:35:48.324Z] GET /api/v1/school/students/dashboard
Status: 500
Error: QueryFailedError: invalid input syntax for type uuid: "dashboard"
    at PostgresQueryRunner.query (C:\Users\HP\Desktop\apexiq-backend\apexiq\node_modules\typeorm\src\driver\postgres\PostgresQueryRunner.ts:325:19)
    at processTicksAndRejections (node:internal/process/task_queues:104:5)
    at async DataSource.query (C:\Users\HP\Desktop\apexiq-backend\apexiq\node_modules\src\data-source\DataSource.ts:541:20)
    at async SchoolStudentService.findOne (C:\Users\HP\Desktop\apexiq-backend\apexiq\src\modules\school\student\school-student.service.ts:186:25)

[2026-06-08T06:36:05.561Z] GET /api/v1/school/school/materials
Status: 404
Error: NotFoundException: Cannot GET /api/v1/school/school/materials
    at callback (C:\Users\HP\Desktop\apexiq-backend\apexiq\node_modules\@nestjs\core\router\routes-resolver.js:77:19)
    at C:\Users\HP\Desktop\apexiq-backend\apexiq\node_modules\@nestjs\core\router\router-proxy.js:9:23
    at Layer.handle [as handle_request] (C:\Users\HP\Desktop\apexiq-backend\apexiq\node_modules\express\lib\router\layer.js:95:5)
    at trim_prefix (C:\Users\HP\Desktop\apexiq-backend\apexiq\node_modules\express\lib\router\index.js:328:13)
    at C:\Users\HP\Desktop\apexiq-backend\apexiq\node_modules\express\lib\router\index.js:286:9
    at router.process_params (C:\Users\HP\Desktop\apexiq-backend\apexiq\node_modules\express\lib\router\index.js:346:12)
    at next (C:\Users\HP\Desktop\apexiq-backend\apexiq\node_modules\express\lib\router\index.js:280:10)
    at next (C:\Users\HP\Desktop\apexiq-backend\apexiq\node_modules\express\lib\router\route.js:141:14)
    at next (C:\Users\HP\Desktop\apexiq-backend\apexiq\node_modules\express\lib\router\route.js:145:7)
    at next (C:\Users\HP\Desktop\apexiq-backend\apexiq\node_modules\express\lib\router\route.js:145:7)

[2026-06-08T06:36:05.882Z] GET /api/v1/school/school/materials
Status: 404
Error: NotFoundException: Cannot GET /api/v1/school/school/materials
    at callback (C:\Users\HP\Desktop\apexiq-backend\apexiq\node_modules\@nestjs\core\router\routes-resolver.js:77:19)
    at C:\Users\HP\Desktop\apexiq-backend\apexiq\node_modules\@nestjs\core\router\router-proxy.js:9:23
    at Layer.handle [as handle_request] (C:\Users\HP\Desktop\apexiq-backend\apexiq\node_modules\express\lib\router\layer.js:95:5)
    at trim_prefix (C:\Users\HP\Desktop\apexiq-backend\apexiq\node_modules\express\lib\router\index.js:328:13)
    at C:\Users\HP\Desktop\apexiq-backend\apexiq\node_modules\express\lib\router\index.js:286:9
    at router.process_params (C:\Users\HP\Desktop\apexiq-backend\apexiq\node_modules\express\lib\router\index.js:346:12)
    at next (C:\Users\HP\Desktop\apexiq-backend\apexiq\node_modules\express\lib\router\index.js:280:10)
    at next (C:\Users\HP\Desktop\apexiq-backend\apexiq\node_modules\express\lib\router\route.js:141:14)
    at next (C:\Users\HP\Desktop\apexiq-backend\apexiq\node_modules\express\lib\router\route.js:145:7)
    at next (C:\Users\HP\Desktop\apexiq-backend\apexiq\node_modules\express\lib\router\route.js:145:7)

[2026-06-08T06:37:09.336Z] GET /api/v1/school/students/dashboard
Status: 500
Error: QueryFailedError: invalid input syntax for type uuid: "dashboard"
    at PostgresQueryRunner.query (C:\Users\HP\Desktop\apexiq-backend\apexiq\node_modules\typeorm\src\driver\postgres\PostgresQueryRunner.ts:325:19)
    at processTicksAndRejections (node:internal/process/task_queues:104:5)
    at async DataSource.query (C:\Users\HP\Desktop\apexiq-backend\apexiq\node_modules\src\data-source\DataSource.ts:541:20)
    at async SchoolStudentService.findOne (C:\Users\HP\Desktop\apexiq-backend\apexiq\src\modules\school\student\school-student.service.ts:186:25)

[2026-06-08T06:37:09.696Z] GET /api/v1/school/students/dashboard
Status: 500
Error: QueryFailedError: invalid input syntax for type uuid: "dashboard"
    at PostgresQueryRunner.query (C:\Users\HP\Desktop\apexiq-backend\apexiq\node_modules\typeorm\src\driver\postgres\PostgresQueryRunner.ts:325:19)
    at processTicksAndRejections (node:internal/process/task_queues:104:5)
    at async DataSource.query (C:\Users\HP\Desktop\apexiq-backend\apexiq\node_modules\src\data-source\DataSource.ts:541:20)
    at async SchoolStudentService.findOne (C:\Users\HP\Desktop\apexiq-backend\apexiq\src\modules\school\student\school-student.service.ts:186:25)

[2026-06-08T06:37:41.357Z] GET /api/v1/school/classes/schedules
Status: 404
Error: NotFoundException: Cannot GET /api/v1/school/classes/schedules
    at callback (C:\Users\HP\Desktop\apexiq-backend\apexiq\node_modules\@nestjs\core\router\routes-resolver.js:77:19)
    at C:\Users\HP\Desktop\apexiq-backend\apexiq\node_modules\@nestjs\core\router\router-proxy.js:9:23
    at Layer.handle [as handle_request] (C:\Users\HP\Desktop\apexiq-backend\apexiq\node_modules\express\lib\router\layer.js:95:5)
    at trim_prefix (C:\Users\HP\Desktop\apexiq-backend\apexiq\node_modules\express\lib\router\index.js:328:13)
    at C:\Users\HP\Desktop\apexiq-backend\apexiq\node_modules\express\lib\router\index.js:286:9
    at router.process_params (C:\Users\HP\Desktop\apexiq-backend\apexiq\node_modules\express\lib\router\index.js:346:12)
    at next (C:\Users\HP\Desktop\apexiq-backend\apexiq\node_modules\express\lib\router\index.js:280:10)
    at next (C:\Users\HP\Desktop\apexiq-backend\apexiq\node_modules\express\lib\router\route.js:141:14)
    at next (C:\Users\HP\Desktop\apexiq-backend\apexiq\node_modules\express\lib\router\route.js:145:7)
    at next (C:\Users\HP\Desktop\apexiq-backend\apexiq\node_modules\express\lib\router\route.js:145:7)

[2026-06-08T06:37:41.366Z] GET /api/v1/school/classes/schedules
Status: 404
Error: NotFoundException: Cannot GET /api/v1/school/classes/schedules
    at callback (C:\Users\HP\Desktop\apexiq-backend\apexiq\node_modules\@nestjs\core\router\routes-resolver.js:77:19)
    at C:\Users\HP\Desktop\apexiq-backend\apexiq\node_modules\@nestjs\core\router\router-proxy.js:9:23
    at Layer.handle [as handle_request] (C:\Users\HP\Desktop\apexiq-backend\apexiq\node_modules\express\lib\router\layer.js:95:5)
    at trim_prefix (C:\Users\HP\Desktop\apexiq-backend\apexiq\node_modules\express\lib\router\index.js:328:13)
    at C:\Users\HP\Desktop\apexiq-backend\apexiq\node_modules\express\lib\router\index.js:286:9
    at router.process_params (C:\Users\HP\Desktop\apexiq-backend\apexiq\node_modules\express\lib\router\index.js:346:12)
    at next (C:\Users\HP\Desktop\apexiq-backend\apexiq\node_modules\express\lib\router\index.js:280:10)
    at next (C:\Users\HP\Desktop\apexiq-backend\apexiq\node_modules\express\lib\router\route.js:141:14)
    at next (C:\Users\HP\Desktop\apexiq-backend\apexiq\node_modules\express\lib\router\route.js:145:7)
    at next (C:\Users\HP\Desktop\apexiq-backend\apexiq\node_modules\express\lib\router\route.js:145:7)

[2026-06-08T06:37:41.675Z] GET /api/v1/school/classes/schedules
Status: 404
Error: NotFoundException: Cannot GET /api/v1/school/classes/schedules
    at callback (C:\Users\HP\Desktop\apexiq-backend\apexiq\node_modules\@nestjs\core\router\routes-resolver.js:77:19)
    at C:\Users\HP\Desktop\apexiq-backend\apexiq\node_modules\@nestjs\core\router\router-proxy.js:9:23
    at Layer.handle [as handle_request] (C:\Users\HP\Desktop\apexiq-backend\apexiq\node_modules\express\lib\router\layer.js:95:5)
    at trim_prefix (C:\Users\HP\Desktop\apexiq-backend\apexiq\node_modules\express\lib\router\index.js:328:13)
    at C:\Users\HP\Desktop\apexiq-backend\apexiq\node_modules\express\lib\router\index.js:286:9
    at router.process_params (C:\Users\HP\Desktop\apexiq-backend\apexiq\node_modules\express\lib\router\index.js:346:12)
    at next (C:\Users\HP\Desktop\apexiq-backend\apexiq\node_modules\express\lib\router\index.js:280:10)
    at next (C:\Users\HP\Desktop\apexiq-backend\apexiq\node_modules\express\lib\router\route.js:141:14)
    at next (C:\Users\HP\Desktop\apexiq-backend\apexiq\node_modules\express\lib\router\route.js:145:7)
    at next (C:\Users\HP\Desktop\apexiq-backend\apexiq\node_modules\express\lib\router\route.js:145:7)

[2026-06-08T06:37:41.982Z] GET /api/v1/school/classes/schedules
Status: 404
Error: NotFoundException: Cannot GET /api/v1/school/classes/schedules
    at callback (C:\Users\HP\Desktop\apexiq-backend\apexiq\node_modules\@nestjs\core\router\routes-resolver.js:77:19)
    at C:\Users\HP\Desktop\apexiq-backend\apexiq\node_modules\@nestjs\core\router\router-proxy.js:9:23
    at Layer.handle [as handle_request] (C:\Users\HP\Desktop\apexiq-backend\apexiq\node_modules\express\lib\router\layer.js:95:5)
    at trim_prefix (C:\Users\HP\Desktop\apexiq-backend\apexiq\node_modules\express\lib\router\index.js:328:13)
    at C:\Users\HP\Desktop\apexiq-backend\apexiq\node_modules\express\lib\router\index.js:286:9
    at router.process_params (C:\Users\HP\Desktop\apexiq-backend\apexiq\node_modules\express\lib\router\index.js:346:12)
    at next (C:\Users\HP\Desktop\apexiq-backend\apexiq\node_modules\express\lib\router\index.js:280:10)
    at next (C:\Users\HP\Desktop\apexiq-backend\apexiq\node_modules\express\lib\router\route.js:141:14)
    at next (C:\Users\HP\Desktop\apexiq-backend\apexiq\node_modules\express\lib\router\route.js:145:7)
    at next (C:\Users\HP\Desktop\apexiq-backend\apexiq\node_modules\express\lib\router\route.js:145:7)

[2026-06-08T06:38:01.717Z] GET /api/v1/school/reports/class/1
Status: 404
Error: NotFoundException: Cannot GET /api/v1/school/reports/class/1
    at callback (C:\Users\HP\Desktop\apexiq-backend\apexiq\node_modules\@nestjs\core\router\routes-resolver.js:77:19)
    at C:\Users\HP\Desktop\apexiq-backend\apexiq\node_modules\@nestjs\core\router\router-proxy.js:9:23
    at Layer.handle [as handle_request] (C:\Users\HP\Desktop\apexiq-backend\apexiq\node_modules\express\lib\router\layer.js:95:5)
    at trim_prefix (C:\Users\HP\Desktop\apexiq-backend\apexiq\node_modules\express\lib\router\index.js:328:13)
    at C:\Users\HP\Desktop\apexiq-backend\apexiq\node_modules\express\lib\router\index.js:286:9
    at router.process_params (C:\Users\HP\Desktop\apexiq-backend\apexiq\node_modules\express\lib\router\index.js:346:12)
    at next (C:\Users\HP\Desktop\apexiq-backend\apexiq\node_modules\express\lib\router\index.js:280:10)
    at next (C:\Users\HP\Desktop\apexiq-backend\apexiq\node_modules\express\lib\router\route.js:141:14)
    at next (C:\Users\HP\Desktop\apexiq-backend\apexiq\node_modules\express\lib\router\route.js:145:7)
    at next (C:\Users\HP\Desktop\apexiq-backend\apexiq\node_modules\express\lib\router\route.js:145:7)

[2026-06-08T06:38:02.029Z] GET /api/v1/school/reports/class/1
Status: 404
Error: NotFoundException: Cannot GET /api/v1/school/reports/class/1
    at callback (C:\Users\HP\Desktop\apexiq-backend\apexiq\node_modules\@nestjs\core\router\routes-resolver.js:77:19)
    at C:\Users\HP\Desktop\apexiq-backend\apexiq\node_modules\@nestjs\core\router\router-proxy.js:9:23
    at Layer.handle [as handle_request] (C:\Users\HP\Desktop\apexiq-backend\apexiq\node_modules\express\lib\router\layer.js:95:5)
    at trim_prefix (C:\Users\HP\Desktop\apexiq-backend\apexiq\node_modules\express\lib\router\index.js:328:13)
    at C:\Users\HP\Desktop\apexiq-backend\apexiq\node_modules\express\lib\router\index.js:286:9
    at router.process_params (C:\Users\HP\Desktop\apexiq-backend\apexiq\node_modules\express\lib\router\index.js:346:12)
    at next (C:\Users\HP\Desktop\apexiq-backend\apexiq\node_modules\express\lib\router\index.js:280:10)
    at next (C:\Users\HP\Desktop\apexiq-backend\apexiq\node_modules\express\lib\router\route.js:141:14)
    at next (C:\Users\HP\Desktop\apexiq-backend\apexiq\node_modules\express\lib\router\route.js:145:7)
    at next (C:\Users\HP\Desktop\apexiq-backend\apexiq\node_modules\express\lib\router\route.js:145:7)

[2026-06-08T06:38:57.946Z] GET /api/v1/school/reports/class/1
Status: 404
Error: NotFoundException: Cannot GET /api/v1/school/reports/class/1
    at callback (C:\Users\HP\Desktop\apexiq-backend\apexiq\node_modules\@nestjs\core\router\routes-resolver.js:77:19)
    at C:\Users\HP\Desktop\apexiq-backend\apexiq\node_modules\@nestjs\core\router\router-proxy.js:9:23
    at Layer.handle [as handle_request] (C:\Users\HP\Desktop\apexiq-backend\apexiq\node_modules\express\lib\router\layer.js:95:5)
    at trim_prefix (C:\Users\HP\Desktop\apexiq-backend\apexiq\node_modules\express\lib\router\index.js:328:13)
    at C:\Users\HP\Desktop\apexiq-backend\apexiq\node_modules\express\lib\router\index.js:286:9
    at router.process_params (C:\Users\HP\Desktop\apexiq-backend\apexiq\node_modules\express\lib\router\index.js:346:12)
    at next (C:\Users\HP\Desktop\apexiq-backend\apexiq\node_modules\express\lib\router\index.js:280:10)
    at next (C:\Users\HP\Desktop\apexiq-backend\apexiq\node_modules\express\lib\router\route.js:141:14)
    at next (C:\Users\HP\Desktop\apexiq-backend\apexiq\node_modules\express\lib\router\route.js:145:7)
    at next (C:\Users\HP\Desktop\apexiq-backend\apexiq\node_modules\express\lib\router\route.js:145:7)

[2026-06-08T06:38:58.665Z] GET /api/v1/school/reports/class/1
Status: 404
Error: NotFoundException: Cannot GET /api/v1/school/reports/class/1
    at callback (C:\Users\HP\Desktop\apexiq-backend\apexiq\node_modules\@nestjs\core\router\routes-resolver.js:77:19)
    at C:\Users\HP\Desktop\apexiq-backend\apexiq\node_modules\@nestjs\core\router\router-proxy.js:9:23
    at Layer.handle [as handle_request] (C:\Users\HP\Desktop\apexiq-backend\apexiq\node_modules\express\lib\router\layer.js:95:5)
    at trim_prefix (C:\Users\HP\Desktop\apexiq-backend\apexiq\node_modules\express\lib\router\index.js:328:13)
    at C:\Users\HP\Desktop\apexiq-backend\apexiq\node_modules\express\lib\router\index.js:286:9
    at router.process_params (C:\Users\HP\Desktop\apexiq-backend\apexiq\node_modules\express\lib\router\index.js:346:12)
    at next (C:\Users\HP\Desktop\apexiq-backend\apexiq\node_modules\express\lib\router\index.js:280:10)
    at next (C:\Users\HP\Desktop\apexiq-backend\apexiq\node_modules\express\lib\router\route.js:141:14)
    at next (C:\Users\HP\Desktop\apexiq-backend\apexiq\node_modules\express\lib\router\route.js:145:7)
    at next (C:\Users\HP\Desktop\apexiq-backend\apexiq\node_modules\express\lib\router\route.js:145:7)

[2026-06-08T06:39:55.987Z] GET /api/v1/school/classes/schedules
Status: 404
Error: NotFoundException: Cannot GET /api/v1/school/classes/schedules
    at callback (C:\Users\HP\Desktop\apexiq-backend\apexiq\node_modules\@nestjs\core\router\routes-resolver.js:77:19)
    at C:\Users\HP\Desktop\apexiq-backend\apexiq\node_modules\@nestjs\core\router\router-proxy.js:9:23
    at Layer.handle [as handle_request] (C:\Users\HP\Desktop\apexiq-backend\apexiq\node_modules\express\lib\router\layer.js:95:5)
    at trim_prefix (C:\Users\HP\Desktop\apexiq-backend\apexiq\node_modules\express\lib\router\index.js:328:13)
    at C:\Users\HP\Desktop\apexiq-backend\apexiq\node_modules\express\lib\router\index.js:286:9
    at router.process_params (C:\Users\HP\Desktop\apexiq-backend\apexiq\node_modules\express\lib\router\index.js:346:12)
    at next (C:\Users\HP\Desktop\apexiq-backend\apexiq\node_modules\express\lib\router\index.js:280:10)
    at next (C:\Users\HP\Desktop\apexiq-backend\apexiq\node_modules\express\lib\router\route.js:141:14)
    at next (C:\Users\HP\Desktop\apexiq-backend\apexiq\node_modules\express\lib\router\route.js:145:7)
    at next (C:\Users\HP\Desktop\apexiq-backend\apexiq\node_modules\express\lib\router\route.js:145:7)

[2026-06-08T06:39:56.304Z] GET /api/v1/school/classes/schedules
Status: 404
Error: NotFoundException: Cannot GET /api/v1/school/classes/schedules
    at callback (C:\Users\HP\Desktop\apexiq-backend\apexiq\node_modules\@nestjs\core\router\routes-resolver.js:77:19)
    at C:\Users\HP\Desktop\apexiq-backend\apexiq\node_modules\@nestjs\core\router\router-proxy.js:9:23
    at Layer.handle [as handle_request] (C:\Users\HP\Desktop\apexiq-backend\apexiq\node_modules\express\lib\router\layer.js:95:5)
    at trim_prefix (C:\Users\HP\Desktop\apexiq-backend\apexiq\node_modules\express\lib\router\index.js:328:13)
    at C:\Users\HP\Desktop\apexiq-backend\apexiq\node_modules\express\lib\router\index.js:286:9
    at router.process_params (C:\Users\HP\Desktop\apexiq-backend\apexiq\node_modules\express\lib\router\index.js:346:12)
    at next (C:\Users\HP\Desktop\apexiq-backend\apexiq\node_modules\express\lib\router\index.js:280:10)
    at next (C:\Users\HP\Desktop\apexiq-backend\apexiq\node_modules\express\lib\router\route.js:141:14)
    at next (C:\Users\HP\Desktop\apexiq-backend\apexiq\node_modules\express\lib\router\route.js:145:7)
    at next (C:\Users\HP\Desktop\apexiq-backend\apexiq\node_modules\express\lib\router\route.js:145:7)

[2026-06-08T06:39:56.613Z] GET /api/v1/school/classes/schedules
Status: 404
Error: NotFoundException: Cannot GET /api/v1/school/classes/schedules
    at callback (C:\Users\HP\Desktop\apexiq-backend\apexiq\node_modules\@nestjs\core\router\routes-resolver.js:77:19)
    at C:\Users\HP\Desktop\apexiq-backend\apexiq\node_modules\@nestjs\core\router\router-proxy.js:9:23
    at Layer.handle [as handle_request] (C:\Users\HP\Desktop\apexiq-backend\apexiq\node_modules\express\lib\router\layer.js:95:5)
    at trim_prefix (C:\Users\HP\Desktop\apexiq-backend\apexiq\node_modules\express\lib\router\index.js:328:13)
    at C:\Users\HP\Desktop\apexiq-backend\apexiq\node_modules\express\lib\router\index.js:286:9
    at router.process_params (C:\Users\HP\Desktop\apexiq-backend\apexiq\node_modules\express\lib\router\index.js:346:12)
    at next (C:\Users\HP\Desktop\apexiq-backend\apexiq\node_modules\express\lib\router\index.js:280:10)
    at next (C:\Users\HP\Desktop\apexiq-backend\apexiq\node_modules\express\lib\router\route.js:141:14)
    at next (C:\Users\HP\Desktop\apexiq-backend\apexiq\node_modules\express\lib\router\route.js:145:7)
    at next (C:\Users\HP\Desktop\apexiq-backend\apexiq\node_modules\express\lib\router\route.js:145:7)

[2026-06-08T06:39:57.061Z] GET /api/v1/school/classes/schedules
Status: 404
Error: NotFoundException: Cannot GET /api/v1/school/classes/schedules
    at callback (C:\Users\HP\Desktop\apexiq-backend\apexiq\node_modules\@nestjs\core\router\routes-resolver.js:77:19)
    at C:\Users\HP\Desktop\apexiq-backend\apexiq\node_modules\@nestjs\core\router\router-proxy.js:9:23
    at Layer.handle [as handle_request] (C:\Users\HP\Desktop\apexiq-backend\apexiq\node_modules\express\lib\router\layer.js:95:5)
    at trim_prefix (C:\Users\HP\Desktop\apexiq-backend\apexiq\node_modules\express\lib\router\index.js:328:13)
    at C:\Users\HP\Desktop\apexiq-backend\apexiq\node_modules\express\lib\router\index.js:286:9
    at router.process_params (C:\Users\HP\Desktop\apexiq-backend\apexiq\node_modules\express\lib\router\index.js:346:12)
    at next (C:\Users\HP\Desktop\apexiq-backend\apexiq\node_modules\express\lib\router\index.js:280:10)
    at next (C:\Users\HP\Desktop\apexiq-backend\apexiq\node_modules\express\lib\router\route.js:141:14)
    at next (C:\Users\HP\Desktop\apexiq-backend\apexiq\node_modules\express\lib\router\route.js:145:7)
    at next (C:\Users\HP\Desktop\apexiq-backend\apexiq\node_modules\express\lib\router\route.js:145:7)

[2026-06-08T06:53:44.896Z] POST /api/v1/school/assessments/ai-generate
Status: 503
Error: ServiceUnavailableException: AI is temporarily unavailable. Please use manual entry or upload.
    at SchoolAssessmentService.aiGenerateDraft (C:\Users\HP\Desktop\apexiq-backend\apexiq\src\modules\school\assessment\school-assessment.service.ts:167:13)
    at processTicksAndRejections (node:internal/process/task_queues:104:5)

[2026-06-08T06:53:59.310Z] POST /api/v1/school/assessments/ai-generate
Status: 503
Error: ServiceUnavailableException: AI is temporarily unavailable. Please use manual entry or upload.
    at SchoolAssessmentService.aiGenerateDraft (C:\Users\HP\Desktop\apexiq-backend\apexiq\src\modules\school\assessment\school-assessment.service.ts:167:13)
    at processTicksAndRejections (node:internal/process/task_queues:104:5)

[2026-06-08T07:08:11.853Z] GET /api/v1/school/classes/schedules
Status: 404
Error: NotFoundException: Cannot GET /api/v1/school/classes/schedules
    at callback (C:\Users\HP\Desktop\apexiq-backend\apexiq\node_modules\@nestjs\core\router\routes-resolver.js:77:19)
    at C:\Users\HP\Desktop\apexiq-backend\apexiq\node_modules\@nestjs\core\router\router-proxy.js:9:23
    at Layer.handle [as handle_request] (C:\Users\HP\Desktop\apexiq-backend\apexiq\node_modules\express\lib\router\layer.js:95:5)
    at trim_prefix (C:\Users\HP\Desktop\apexiq-backend\apexiq\node_modules\express\lib\router\index.js:328:13)
    at C:\Users\HP\Desktop\apexiq-backend\apexiq\node_modules\express\lib\router\index.js:286:9
    at router.process_params (C:\Users\HP\Desktop\apexiq-backend\apexiq\node_modules\express\lib\router\index.js:346:12)
    at next (C:\Users\HP\Desktop\apexiq-backend\apexiq\node_modules\express\lib\router\index.js:280:10)
    at next (C:\Users\HP\Desktop\apexiq-backend\apexiq\node_modules\express\lib\router\route.js:141:14)
    at next (C:\Users\HP\Desktop\apexiq-backend\apexiq\node_modules\express\lib\router\route.js:145:7)
    at next (C:\Users\HP\Desktop\apexiq-backend\apexiq\node_modules\express\lib\router\route.js:145:7)

[2026-06-08T07:08:11.979Z] GET /api/v1/school/classes/schedules
Status: 404
Error: NotFoundException: Cannot GET /api/v1/school/classes/schedules
    at callback (C:\Users\HP\Desktop\apexiq-backend\apexiq\node_modules\@nestjs\core\router\routes-resolver.js:77:19)
    at C:\Users\HP\Desktop\apexiq-backend\apexiq\node_modules\@nestjs\core\router\router-proxy.js:9:23
    at Layer.handle [as handle_request] (C:\Users\HP\Desktop\apexiq-backend\apexiq\node_modules\express\lib\router\layer.js:95:5)
    at trim_prefix (C:\Users\HP\Desktop\apexiq-backend\apexiq\node_modules\express\lib\router\index.js:328:13)
    at C:\Users\HP\Desktop\apexiq-backend\apexiq\node_modules\express\lib\router\index.js:286:9
    at router.process_params (C:\Users\HP\Desktop\apexiq-backend\apexiq\node_modules\express\lib\router\index.js:346:12)
    at next (C:\Users\HP\Desktop\apexiq-backend\apexiq\node_modules\express\lib\router\index.js:280:10)
    at next (C:\Users\HP\Desktop\apexiq-backend\apexiq\node_modules\express\lib\router\route.js:141:14)
    at next (C:\Users\HP\Desktop\apexiq-backend\apexiq\node_modules\express\lib\router\route.js:145:7)
    at next (C:\Users\HP\Desktop\apexiq-backend\apexiq\node_modules\express\lib\router\route.js:145:7)

